<?xml version="1.0" encoding="UTF-8"?>
<testsuites>
  <testsuite name="tests" tests="3165" assertions="17280" failures="0" errors="0" time="741.988123">
    <testsuite name="RoleCall\Absences\AbsenceDocumentTest" file="/home/ubuntu/subhub-api/tests/Absences/AbsenceDocumentTest.php" tests="2" assertions="2" failures="0" errors="0" time="0.241081">
      <testcase name="testTimestampsAreEnabled" class="RoleCall\Absences\AbsenceDocumentTest" file="/home/ubuntu/subhub-api/tests/Absences/AbsenceDocumentTest.php" line="18" assertions="1" time="0.121680"/>
      <testcase name="testFillable" class="RoleCall\Absences\AbsenceDocumentTest" file="/home/ubuntu/subhub-api/tests/Absences/AbsenceDocumentTest.php" line="23" assertions="1" time="0.119401"/>
    </testsuite>
    <testsuite name="RoleCall\Absences\AbsenceNoteTest" file="/home/ubuntu/subhub-api/tests/Absences/AbsenceNoteTest.php" tests="3" assertions="3" failures="0" errors="0" time="0.375913">
      <testcase name="testTimestampsAreEnabled" class="RoleCall\Absences\AbsenceNoteTest" file="/home/ubuntu/subhub-api/tests/Absences/AbsenceNoteTest.php" line="21" assertions="1" time="0.133709"/>
      <testcase name="testFillable" class="RoleCall\Absences\AbsenceNoteTest" file="/home/ubuntu/subhub-api/tests/Absences/AbsenceNoteTest.php" line="29" assertions="1" time="0.122154"/>
      <testcase name="testTypes" class="RoleCall\Absences\AbsenceNoteTest" file="/home/ubuntu/subhub-api/tests/Absences/AbsenceNoteTest.php" line="39" assertions="1" time="0.120050"/>
    </testsuite>
    <testsuite name="RoleCall\Absences\AbsenceOccurrenceTest" file="/home/ubuntu/subhub-api/tests/Absences/AbsenceOccurrenceTest.php" tests="9" assertions="25" failures="0" errors="0" time="1.350987">
      <testcase name="testTimestampsAreEnabled" class="RoleCall\Absences\AbsenceOccurrenceTest" file="/home/ubuntu/subhub-api/tests/Absences/AbsenceOccurrenceTest.php" line="20" assertions="1" time="0.133883"/>
      <testcase name="testAssign" class="RoleCall\Absences\AbsenceOccurrenceTest" file="/home/ubuntu/subhub-api/tests/Absences/AbsenceOccurrenceTest.php" line="25" assertions="6" time="0.228014"/>
      <testcase name="testFillable" class="RoleCall\Absences\AbsenceOccurrenceTest" file="/home/ubuntu/subhub-api/tests/Absences/AbsenceOccurrenceTest.php" line="49" assertions="1" time="0.117690"/>
      <testcase name="testScopeIsOpen" class="RoleCall\Absences\AbsenceOccurrenceTest" file="/home/ubuntu/subhub-api/tests/Absences/AbsenceOccurrenceTest.php" line="66" assertions="2" time="0.141990"/>
      <testcase name="testScopeIsFilled" class="RoleCall\Absences\AbsenceOccurrenceTest" file="/home/ubuntu/subhub-api/tests/Absences/AbsenceOccurrenceTest.php" line="75" assertions="3" time="0.130432"/>
      <testcase name="testScopeIsNotFilled" class="RoleCall\Absences\AbsenceOccurrenceTest" file="/home/ubuntu/subhub-api/tests/Absences/AbsenceOccurrenceTest.php" line="85" assertions="3" time="0.129264"/>
      <testcase name="testScopeBetween" class="RoleCall\Absences\AbsenceOccurrenceTest" file="/home/ubuntu/subhub-api/tests/Absences/AbsenceOccurrenceTest.php" line="95" assertions="3" time="0.148090"/>
      <testcase name="testScopeDuring" class="RoleCall\Absences\AbsenceOccurrenceTest" file="/home/ubuntu/subhub-api/tests/Absences/AbsenceOccurrenceTest.php" line="125" assertions="4" time="0.132016"/>
      <testcase name="testGetDayOfAbsenceAttribute" class="RoleCall\Absences\AbsenceOccurrenceTest" file="/home/ubuntu/subhub-api/tests/Absences/AbsenceOccurrenceTest.php" line="155" assertions="2" time="0.189609"/>
    </testsuite>
    <testsuite name="RoleCall\Absences\AbsenceReasonTest" file="/home/ubuntu/subhub-api/tests/Absences/AbsenceReasonTest.php" tests="2" assertions="9" failures="0" errors="0" time="0.326647">
      <testcase name="testGetIsActiveAttribute" class="RoleCall\Absences\AbsenceReasonTest" file="/home/ubuntu/subhub-api/tests/Absences/AbsenceReasonTest.php" line="12" assertions="3" time="0.168642"/>
      <testcase name="testScopeIsActive" class="RoleCall\Absences\AbsenceReasonTest" file="/home/ubuntu/subhub-api/tests/Absences/AbsenceReasonTest.php" line="33" assertions="6" time="0.158005"/>
    </testsuite>
    <testsuite name="RoleCall\Absences\AbsenceTest" file="/home/ubuntu/subhub-api/tests/Absences/AbsenceTest.php" tests="1" assertions="6" failures="0" errors="0" time="0.156648">
      <testcase name="testScopeOrderByOccurrences" class="RoleCall\Absences\AbsenceTest" file="/home/ubuntu/subhub-api/tests/Absences/AbsenceTest.php" line="11" assertions="6" time="0.156648"/>
    </testsuite>
    <testsuite name="RoleCall\Absences\Controllers\AbsenceAssignmentControllerTest" file="/home/ubuntu/subhub-api/tests/Absences/Controllers/AbsenceAssignmentControllerTest.php" tests="7" assertions="17" failures="0" errors="0" time="1.982747">
      <testcase name="testAssign" class="RoleCall\Absences\Controllers\AbsenceAssignmentControllerTest" file="/home/ubuntu/subhub-api/tests/Absences/Controllers/AbsenceAssignmentControllerTest.php" line="53" assertions="2" time="0.327492"/>
      <testcase name="testAssignExpired" class="RoleCall\Absences\Controllers\AbsenceAssignmentControllerTest" file="/home/ubuntu/subhub-api/tests/Absences/Controllers/AbsenceAssignmentControllerTest.php" line="72" assertions="2" time="0.294117"/>
      <testcase name="testAssignWithIgnore" class="RoleCall\Absences\Controllers\AbsenceAssignmentControllerTest" file="/home/ubuntu/subhub-api/tests/Absences/Controllers/AbsenceAssignmentControllerTest.php" line="94" assertions="2" time="0.307794"/>
      <testcase name="testAssignIneligible" class="RoleCall\Absences\Controllers\AbsenceAssignmentControllerTest" file="/home/ubuntu/subhub-api/tests/Absences/Controllers/AbsenceAssignmentControllerTest.php" line="112" assertions="2" time="0.247911"/>
      <testcase name="testUnassign" class="RoleCall\Absences\Controllers\AbsenceAssignmentControllerTest" file="/home/ubuntu/subhub-api/tests/Absences/Controllers/AbsenceAssignmentControllerTest.php" line="126" assertions="3" time="0.292056"/>
      <testcase name="testUnassignAllOccurrences" class="RoleCall\Absences\Controllers\AbsenceAssignmentControllerTest" file="/home/ubuntu/subhub-api/tests/Absences/Controllers/AbsenceAssignmentControllerTest.php" line="150" assertions="3" time="0.273158"/>
      <testcase name="testUnassignWithoutFilledOccurrences" class="RoleCall\Absences\Controllers\AbsenceAssignmentControllerTest" file="/home/ubuntu/subhub-api/tests/Absences/Controllers/AbsenceAssignmentControllerTest.php" line="170" assertions="3" time="0.240219"/>
    </testsuite>
    <testsuite name="RoleCall\Absences\Controllers\AbsenceAuditControllerTest" file="/home/ubuntu/subhub-api/tests/Absences/Controllers/AbsenceAuditControllerTest.php" tests="9" assertions="24" failures="0" errors="0" time="2.110613">
      <testcase name="testApproveOpen" class="RoleCall\Absences\Controllers\AbsenceAuditControllerTest" file="/home/ubuntu/subhub-api/tests/Absences/Controllers/AbsenceAuditControllerTest.php" line="18" assertions="2" time="0.218917"/>
      <testcase name="testApproveOpenWhenAlreadyApproved" class="RoleCall\Absences\Controllers\AbsenceAuditControllerTest" file="/home/ubuntu/subhub-api/tests/Absences/Controllers/AbsenceAuditControllerTest.php" line="41" assertions="3" time="0.210578"/>
      <testcase name="testDeclineOpen" class="RoleCall\Absences\Controllers\AbsenceAuditControllerTest" file="/home/ubuntu/subhub-api/tests/Absences/Controllers/AbsenceAuditControllerTest.php" line="59" assertions="2" time="0.236257"/>
      <testcase name="testDeclineOpenWhenAlreadyDeclined" class="RoleCall\Absences\Controllers\AbsenceAuditControllerTest" file="/home/ubuntu/subhub-api/tests/Absences/Controllers/AbsenceAuditControllerTest.php" line="82" assertions="3" time="0.210847"/>
      <testcase name="testShowApproveCancel" class="RoleCall\Absences\Controllers\AbsenceAuditControllerTest" file="/home/ubuntu/subhub-api/tests/Absences/Controllers/AbsenceAuditControllerTest.php" line="100" assertions="4" time="0.344516"/>
      <testcase name="testApproveCancel" class="RoleCall\Absences\Controllers\AbsenceAuditControllerTest" file="/home/ubuntu/subhub-api/tests/Absences/Controllers/AbsenceAuditControllerTest.php" line="125" assertions="2" time="0.225895"/>
      <testcase name="testApproveCancellationWhenAlreadyApproved" class="RoleCall\Absences\Controllers\AbsenceAuditControllerTest" file="/home/ubuntu/subhub-api/tests/Absences/Controllers/AbsenceAuditControllerTest.php" line="147" assertions="3" time="0.224910"/>
      <testcase name="testDeclineCancel" class="RoleCall\Absences\Controllers\AbsenceAuditControllerTest" file="/home/ubuntu/subhub-api/tests/Absences/Controllers/AbsenceAuditControllerTest.php" line="165" assertions="2" time="0.230253"/>
      <testcase name="testDeclineCancellationWhenAlreadyDeclined" class="RoleCall\Absences\Controllers\AbsenceAuditControllerTest" file="/home/ubuntu/subhub-api/tests/Absences/Controllers/AbsenceAuditControllerTest.php" line="183" assertions="3" time="0.208440"/>
    </testsuite>
    <testsuite name="RoleCall\Absences\Controllers\AbsenceCancellationControllerTest" file="/home/ubuntu/subhub-api/tests/Absences/Controllers/AbsenceCancellationControllerTest.php" tests="4" assertions="14" failures="0" errors="0" time="1.023562">
      <testcase name="testShow" class="RoleCall\Absences\Controllers\AbsenceCancellationControllerTest" file="/home/ubuntu/subhub-api/tests/Absences/Controllers/AbsenceCancellationControllerTest.php" line="17" assertions="6" time="0.352711"/>
      <testcase name="testCancel" class="RoleCall\Absences\Controllers\AbsenceCancellationControllerTest" file="/home/ubuntu/subhub-api/tests/Absences/Controllers/AbsenceCancellationControllerTest.php" line="37" assertions="2" time="0.208895"/>
      <testcase name="testCancelToPending" class="RoleCall\Absences\Controllers\AbsenceCancellationControllerTest" file="/home/ubuntu/subhub-api/tests/Absences/Controllers/AbsenceCancellationControllerTest.php" line="51" assertions="4" time="0.268740"/>
      <testcase name="testCancelNonUnassignableOccurrencesProvided" class="RoleCall\Absences\Controllers\AbsenceCancellationControllerTest" file="/home/ubuntu/subhub-api/tests/Absences/Controllers/AbsenceCancellationControllerTest.php" line="83" assertions="2" time="0.193216"/>
    </testsuite>
    <testsuite name="RoleCall\Absences\Controllers\AbsenceClaimControllerTest" file="/home/ubuntu/subhub-api/tests/Absences/Controllers/AbsenceClaimControllerTest.php" tests="4" assertions="7" failures="0" errors="0" time="1.057685">
      <testcase name="testClaim" class="RoleCall\Absences\Controllers\AbsenceClaimControllerTest" file="/home/ubuntu/subhub-api/tests/Absences/Controllers/AbsenceClaimControllerTest.php" line="44" assertions="2" time="0.296211"/>
      <testcase name="testTryToClaimJobWhenNotEligible" class="RoleCall\Absences\Controllers\AbsenceClaimControllerTest" file="/home/ubuntu/subhub-api/tests/Absences/Controllers/AbsenceClaimControllerTest.php" line="57" assertions="1" time="0.253769"/>
      <testcase name="testCannotClaimAbsenceAtTheSameTimeAsAnotherUser" class="RoleCall\Absences\Controllers\AbsenceClaimControllerTest" file="/home/ubuntu/subhub-api/tests/Absences/Controllers/AbsenceClaimControllerTest.php" line="65" assertions="2" time="0.240276"/>
      <testcase name="testUnclaim" class="RoleCall\Absences\Controllers\AbsenceClaimControllerTest" file="/home/ubuntu/subhub-api/tests/Absences/Controllers/AbsenceClaimControllerTest.php" line="76" assertions="2" time="0.267429"/>
    </testsuite>
    <testsuite name="RoleCall\Absences\Controllers\AbsenceNotifyControllerTest" file="/home/ubuntu/subhub-api/tests/Absences/Controllers/AbsenceNotifyControllerTest.php" tests="2" assertions="40" failures="0" errors="0" time="0.804475">
      <testcase name="testNotifyAbsence" class="RoleCall\Absences\Controllers\AbsenceNotifyControllerTest" file="/home/ubuntu/subhub-api/tests/Absences/Controllers/AbsenceNotifyControllerTest.php" line="17" assertions="2" time="0.312632"/>
      <testcase name="testNotificationLimits" class="RoleCall\Absences\Controllers\AbsenceNotifyControllerTest" file="/home/ubuntu/subhub-api/tests/Absences/Controllers/AbsenceNotifyControllerTest.php" line="142" assertions="38" time="0.491843"/>
    </testsuite>
    <testsuite name="RoleCall\Absences\Controllers\AbsenceOccurrenceCalendarControllerTest" file="/home/ubuntu/subhub-api/tests/Absences/Controllers/AbsenceOccurrenceCalendarControllerTest.php" tests="1" assertions="1" failures="0" errors="0" time="0.232221">
      <testcase name="testIndex" class="RoleCall\Absences\Controllers\AbsenceOccurrenceCalendarControllerTest" file="/home/ubuntu/subhub-api/tests/Absences/Controllers/AbsenceOccurrenceCalendarControllerTest.php" line="13" assertions="1" time="0.232221"/>
    </testsuite>
    <testsuite name="RoleCall\Absences\Controllers\AbsenceOccurrenceCancellationControllerTest" file="/home/ubuntu/subhub-api/tests/Absences/Controllers/AbsenceOccurrenceCancellationControllerTest.php" tests="2" assertions="16" failures="0" errors="0" time="0.806902">
      <testcase name="testCancelTwoOccurrences" class="RoleCall\Absences\Controllers\AbsenceOccurrenceCancellationControllerTest" file="/home/ubuntu/subhub-api/tests/Absences/Controllers/AbsenceOccurrenceCancellationControllerTest.php" line="18" assertions="8" time="0.379119"/>
      <testcase name="testCancelAllOccurrences" class="RoleCall\Absences\Controllers\AbsenceOccurrenceCancellationControllerTest" file="/home/ubuntu/subhub-api/tests/Absences/Controllers/AbsenceOccurrenceCancellationControllerTest.php" line="79" assertions="8" time="0.427783"/>
    </testsuite>
    <testsuite name="RoleCall\Absences\Controllers\AbsenceOccurrencesControllerTest" file="/home/ubuntu/subhub-api/tests/Absences/Controllers/AbsenceOccurrencesControllerTest.php" tests="8" assertions="32" failures="0" errors="0" time="2.343413">
      <testcase name="testIndex" class="RoleCall\Absences\Controllers\AbsenceOccurrencesControllerTest" file="/home/ubuntu/subhub-api/tests/Absences/Controllers/AbsenceOccurrencesControllerTest.php" line="16" assertions="7" time="0.249221"/>
      <testcase name="testForUser" class="RoleCall\Absences\Controllers\AbsenceOccurrencesControllerTest" file="/home/ubuntu/subhub-api/tests/Absences/Controllers/AbsenceOccurrencesControllerTest.php" line="31" assertions="4" time="0.517805"/>
      <testcase name="testForCurrentUser" class="RoleCall\Absences\Controllers\AbsenceOccurrencesControllerTest" file="/home/ubuntu/subhub-api/tests/Absences/Controllers/AbsenceOccurrencesControllerTest.php" line="46" assertions="2" time="0.252486"/>
      <testcase name="testShow" class="RoleCall\Absences\Controllers\AbsenceOccurrencesControllerTest" file="/home/ubuntu/subhub-api/tests/Absences/Controllers/AbsenceOccurrencesControllerTest.php" line="59" assertions="2" time="0.190270"/>
      <testcase name="testEdit" class="RoleCall\Absences\Controllers\AbsenceOccurrencesControllerTest" file="/home/ubuntu/subhub-api/tests/Absences/Controllers/AbsenceOccurrencesControllerTest.php" line="71" assertions="5" time="0.345719"/>
      <testcase name="testUpdate" class="RoleCall\Absences\Controllers\AbsenceOccurrencesControllerTest" file="/home/ubuntu/subhub-api/tests/Absences/Controllers/AbsenceOccurrencesControllerTest.php" line="98" assertions="3" time="0.208259"/>
      <testcase name="testDelete" class="RoleCall\Absences\Controllers\AbsenceOccurrencesControllerTest" file="/home/ubuntu/subhub-api/tests/Absences/Controllers/AbsenceOccurrencesControllerTest.php" line="119" assertions="6" time="0.303173"/>
      <testcase name="testDestroyOccurrence" class="RoleCall\Absences\Controllers\AbsenceOccurrencesControllerTest" file="/home/ubuntu/subhub-api/tests/Absences/Controllers/AbsenceOccurrencesControllerTest.php" line="144" assertions="3" time="0.276480"/>
    </testsuite>
    <testsuite name="RoleCall\Absences\Controllers\AbsenceRatesControllerTest" file="/home/ubuntu/subhub-api/tests/Absences/Controllers/AbsenceRatesControllerTest.php" tests="1" assertions="7" failures="0" errors="0" time="0.305050">
      <testcase name="testShow" class="RoleCall\Absences\Controllers\AbsenceRatesControllerTest" file="/home/ubuntu/subhub-api/tests/Absences/Controllers/AbsenceRatesControllerTest.php" line="13" assertions="7" time="0.305050"/>
    </testsuite>
    <testsuite name="RoleCall\Absences\Controllers\AbsenceReasonsControllerTest" file="/home/ubuntu/subhub-api/tests/Absences/Controllers/AbsenceReasonsControllerTest.php" tests="5" assertions="14" failures="0" errors="0" time="1.095994">
      <testcase name="testIndex" class="RoleCall\Absences\Controllers\AbsenceReasonsControllerTest" file="/home/ubuntu/subhub-api/tests/Absences/Controllers/AbsenceReasonsControllerTest.php" line="14" assertions="2" time="0.285282"/>
      <testcase name="testStore" class="RoleCall\Absences\Controllers\AbsenceReasonsControllerTest" file="/home/ubuntu/subhub-api/tests/Absences/Controllers/AbsenceReasonsControllerTest.php" line="27" assertions="3" time="0.170328"/>
      <testcase name="testEdit" class="RoleCall\Absences\Controllers\AbsenceReasonsControllerTest" file="/home/ubuntu/subhub-api/tests/Absences/Controllers/AbsenceReasonsControllerTest.php" line="45" assertions="2" time="0.279048"/>
      <testcase name="testUpdate" class="RoleCall\Absences\Controllers\AbsenceReasonsControllerTest" file="/home/ubuntu/subhub-api/tests/Absences/Controllers/AbsenceReasonsControllerTest.php" line="58" assertions="3" time="0.166577"/>
      <testcase name="testUpdateRequiresApproval" class="RoleCall\Absences\Controllers\AbsenceReasonsControllerTest" file="/home/ubuntu/subhub-api/tests/Absences/Controllers/AbsenceReasonsControllerTest.php" line="76" assertions="4" time="0.194759"/>
    </testsuite>
    <testsuite name="RoleCall\Absences\Controllers\AbsencesControllerTest" file="/home/ubuntu/subhub-api/tests/Absences/Controllers/AbsencesControllerTest.php" tests="16" assertions="73" failures="0" errors="0" time="5.221501">
      <testcase name="testShowAbsence" class="RoleCall\Absences\Controllers\AbsencesControllerTest" file="/home/ubuntu/subhub-api/tests/Absences/Controllers/AbsencesControllerTest.php" line="16" assertions="2" time="0.139757"/>
      <testcase name="testAbsenceForUser" class="RoleCall\Absences\Controllers\AbsencesControllerTest" file="/home/ubuntu/subhub-api/tests/Absences/Controllers/AbsencesControllerTest.php" line="27" assertions="4" time="0.538375"/>
      <testcase name="testShowAbsenceForEmployee" class="RoleCall\Absences\Controllers\AbsencesControllerTest" file="/home/ubuntu/subhub-api/tests/Absences/Controllers/AbsencesControllerTest.php" line="40" assertions="6" time="0.393961"/>
      <testcase name="testShowAbsenceForSub" class="RoleCall\Absences\Controllers\AbsencesControllerTest" file="/home/ubuntu/subhub-api/tests/Absences/Controllers/AbsencesControllerTest.php" line="60" assertions="6" time="0.415965"/>
      <testcase name="testShowAbsenceForSubWhoHasClaimedAndItsLessThan24HoursFromStarting" class="RoleCall\Absences\Controllers\AbsencesControllerTest" file="/home/ubuntu/subhub-api/tests/Absences/Controllers/AbsencesControllerTest.php" line="97" assertions="7" time="0.398853"/>
      <testcase name="testShowAbsence403ForSub" class="RoleCall\Absences\Controllers\AbsencesControllerTest" file="/home/ubuntu/subhub-api/tests/Absences/Controllers/AbsencesControllerTest.php" line="136" assertions="4" time="0.444969"/>
      <testcase name="testCreateAbsence" class="RoleCall\Absences\Controllers\AbsencesControllerTest" file="/home/ubuntu/subhub-api/tests/Absences/Controllers/AbsencesControllerTest.php" line="176" assertions="8" time="0.340349"/>
      <testcase name="testStoreAbsence" class="RoleCall\Absences\Controllers\AbsencesControllerTest" file="/home/ubuntu/subhub-api/tests/Absences/Controllers/AbsencesControllerTest.php" line="197" assertions="2" time="0.277738"/>
      <testcase name="testStoreAbsenceValidateOnly" class="RoleCall\Absences\Controllers\AbsencesControllerTest" file="/home/ubuntu/subhub-api/tests/Absences/Controllers/AbsencesControllerTest.php" line="232" assertions="2" time="0.228761"/>
      <testcase name="testStoreAbsenceValidateOnlyShowDirectAssign" class="RoleCall\Absences\Controllers\AbsencesControllerTest" file="/home/ubuntu/subhub-api/tests/Absences/Controllers/AbsencesControllerTest.php" line="268" assertions="4" time="0.224853"/>
      <testcase name="testEditAbsence" class="RoleCall\Absences\Controllers\AbsencesControllerTest" file="/home/ubuntu/subhub-api/tests/Absences/Controllers/AbsencesControllerTest.php" line="309" assertions="6" time="0.367187"/>
      <testcase name="testEditAbsenceAsSchoolStaff" class="RoleCall\Absences\Controllers\AbsencesControllerTest" file="/home/ubuntu/subhub-api/tests/Absences/Controllers/AbsencesControllerTest.php" line="323" assertions="6" time="0.328540"/>
      <testcase name="testEditAbsenceAsSuper" class="RoleCall\Absences\Controllers\AbsencesControllerTest" file="/home/ubuntu/subhub-api/tests/Absences/Controllers/AbsencesControllerTest.php" line="342" assertions="6" time="0.328255"/>
      <testcase name="testEditVacancy" class="RoleCall\Absences\Controllers\AbsencesControllerTest" file="/home/ubuntu/subhub-api/tests/Absences/Controllers/AbsencesControllerTest.php" line="361" assertions="6" time="0.319300"/>
      <testcase name="testUpdateAbsence" class="RoleCall\Absences\Controllers\AbsencesControllerTest" file="/home/ubuntu/subhub-api/tests/Absences/Controllers/AbsencesControllerTest.php" line="382" assertions="1" time="0.233475"/>
      <testcase name="testReleaseAbsence" class="RoleCall\Absences\Controllers\AbsencesControllerTest" file="/home/ubuntu/subhub-api/tests/Absences/Controllers/AbsencesControllerTest.php" line="404" assertions="3" time="0.241163"/>
    </testsuite>
    <testsuite name="RoleCall\Absences\Controllers\VacanciesControllerTest" file="/home/ubuntu/subhub-api/tests/Absences/Controllers/VacanciesControllerTest.php" tests="4" assertions="12" failures="0" errors="0" time="1.113595">
      <testcase name="testStoreVacancy" class="RoleCall\Absences\Controllers\VacanciesControllerTest" file="/home/ubuntu/subhub-api/tests/Absences/Controllers/VacanciesControllerTest.php" line="15" assertions="3" time="0.264878"/>
      <testcase name="testStoreVacancyValidateOnly" class="RoleCall\Absences\Controllers\VacanciesControllerTest" file="/home/ubuntu/subhub-api/tests/Absences/Controllers/VacanciesControllerTest.php" line="49" assertions="4" time="0.223693"/>
      <testcase name="testStoreVacancyDirectAssign" class="RoleCall\Absences\Controllers\VacanciesControllerTest" file="/home/ubuntu/subhub-api/tests/Absences/Controllers/VacanciesControllerTest.php" line="86" assertions="3" time="0.391729"/>
      <testcase name="testUpdateVacancy" class="RoleCall\Absences\Controllers\VacanciesControllerTest" file="/home/ubuntu/subhub-api/tests/Absences/Controllers/VacanciesControllerTest.php" line="139" assertions="2" time="0.233295"/>
    </testsuite>
    <testsuite name="RoleCall\Absences\Policies\AbsenceDocumentPolicyTest" file="/home/ubuntu/subhub-api/tests/Absences/Policies/AbsenceDocumentPolicyTest.php" tests="4" assertions="13" failures="0" errors="0" time="0.830363">
      <testcase name="testCreate" class="RoleCall\Absences\Policies\AbsenceDocumentPolicyTest" file="/home/ubuntu/subhub-api/tests/Absences/Policies/AbsenceDocumentPolicyTest.php" line="30" assertions="3" time="0.191312"/>
      <testcase name="testDelete" class="RoleCall\Absences\Policies\AbsenceDocumentPolicyTest" file="/home/ubuntu/subhub-api/tests/Absences/Policies/AbsenceDocumentPolicyTest.php" line="41" assertions="3" time="0.200481"/>
      <testcase name="testUpdate" class="RoleCall\Absences\Policies\AbsenceDocumentPolicyTest" file="/home/ubuntu/subhub-api/tests/Absences/Policies/AbsenceDocumentPolicyTest.php" line="54" assertions="3" time="0.219879"/>
      <testcase name="testView" class="RoleCall\Absences\Policies\AbsenceDocumentPolicyTest" file="/home/ubuntu/subhub-api/tests/Absences/Policies/AbsenceDocumentPolicyTest.php" line="67" assertions="4" time="0.218691"/>
    </testsuite>
    <testsuite name="RoleCall\Absences\Policies\AbsenceNotePolicyTest" file="/home/ubuntu/subhub-api/tests/Absences/Policies/AbsenceNotePolicyTest.php" tests="2" assertions="6" failures="0" errors="0" time="0.404416">
      <testcase name="testCreate" class="RoleCall\Absences\Policies\AbsenceNotePolicyTest" file="/home/ubuntu/subhub-api/tests/Absences/Policies/AbsenceNotePolicyTest.php" line="32" assertions="3" time="0.191587"/>
      <testcase name="testIndex" class="RoleCall\Absences\Policies\AbsenceNotePolicyTest" file="/home/ubuntu/subhub-api/tests/Absences/Policies/AbsenceNotePolicyTest.php" line="46" assertions="3" time="0.212829"/>
    </testsuite>
    <testsuite name="RoleCall\Absences\Policies\AbsenceOccurrencePolicyTest" file="/home/ubuntu/subhub-api/tests/Absences/Policies/AbsenceOccurrencePolicyTest.php" tests="8" assertions="44" failures="0" errors="0" time="1.873848">
      <testcase name="testAssign" class="RoleCall\Absences\Policies\AbsenceOccurrencePolicyTest" file="/home/ubuntu/subhub-api/tests/Absences/Policies/AbsenceOccurrencePolicyTest.php" line="42" assertions="3" time="0.214816"/>
      <testcase name="testCancel" class="RoleCall\Absences\Policies\AbsenceOccurrencePolicyTest" file="/home/ubuntu/subhub-api/tests/Absences/Policies/AbsenceOccurrencePolicyTest.php" line="51" assertions="4" time="0.220556"/>
      <testcase name="testCancelMultiple" class="RoleCall\Absences\Policies\AbsenceOccurrencePolicyTest" file="/home/ubuntu/subhub-api/tests/Absences/Policies/AbsenceOccurrencePolicyTest.php" line="68" assertions="22" time="0.295124"/>
      <testcase name="testClaim" class="RoleCall\Absences\Policies\AbsenceOccurrencePolicyTest" file="/home/ubuntu/subhub-api/tests/Absences/Policies/AbsenceOccurrencePolicyTest.php" line="140" assertions="3" time="0.233474"/>
      <testcase name="testDelete" class="RoleCall\Absences\Policies\AbsenceOccurrencePolicyTest" file="/home/ubuntu/subhub-api/tests/Absences/Policies/AbsenceOccurrencePolicyTest.php" line="149" assertions="3" time="0.231422"/>
      <testcase name="testIndex" class="RoleCall\Absences\Policies\AbsenceOccurrencePolicyTest" file="/home/ubuntu/subhub-api/tests/Absences/Policies/AbsenceOccurrencePolicyTest.php" line="158" assertions="3" time="0.230461"/>
      <testcase name="testUnassign" class="RoleCall\Absences\Policies\AbsenceOccurrencePolicyTest" file="/home/ubuntu/subhub-api/tests/Absences/Policies/AbsenceOccurrencePolicyTest.php" line="167" assertions="3" time="0.213621"/>
      <testcase name="testUpdate" class="RoleCall\Absences\Policies\AbsenceOccurrencePolicyTest" file="/home/ubuntu/subhub-api/tests/Absences/Policies/AbsenceOccurrencePolicyTest.php" line="176" assertions="3" time="0.234374"/>
    </testsuite>
    <testsuite name="RoleCall\Absences\Policies\AbsencePolicyTest" file="/home/ubuntu/subhub-api/tests/Absences/Policies/AbsencePolicyTest.php" tests="32" assertions="169" failures="0" errors="0" time="7.359750">
      <testcase name="testApplyLtaRateSettings" class="RoleCall\Absences\Policies\AbsencePolicyTest" file="/home/ubuntu/subhub-api/tests/Absences/Policies/AbsencePolicyTest.php" line="31" assertions="4" time="0.205333"/>
      <testcase name="testApproveCancel" class="RoleCall\Absences\Policies\AbsencePolicyTest" file="/home/ubuntu/subhub-api/tests/Absences/Policies/AbsencePolicyTest.php" line="47" assertions="4" time="0.208809"/>
      <testcase name="testApproveOpen" class="RoleCall\Absences\Policies\AbsencePolicyTest" file="/home/ubuntu/subhub-api/tests/Absences/Policies/AbsencePolicyTest.php" line="61" assertions="4" time="0.223530"/>
      <testcase name="testAssign" class="RoleCall\Absences\Policies\AbsencePolicyTest" file="/home/ubuntu/subhub-api/tests/Absences/Policies/AbsencePolicyTest.php" line="75" assertions="2" time="0.189674"/>
      <testcase name="testAssignWithIgnoredCredentials" class="RoleCall\Absences\Policies\AbsencePolicyTest" file="/home/ubuntu/subhub-api/tests/Absences/Policies/AbsencePolicyTest.php" line="83" assertions="2" time="0.188936"/>
      <testcase name="testCancel" class="RoleCall\Absences\Policies\AbsencePolicyTest" file="/home/ubuntu/subhub-api/tests/Absences/Policies/AbsencePolicyTest.php" line="91" assertions="4" time="0.205355"/>
      <testcase name="testCancelWithoutApproval" class="RoleCall\Absences\Policies\AbsencePolicyTest" file="/home/ubuntu/subhub-api/tests/Absences/Policies/AbsencePolicyTest.php" line="105" assertions="2" time="0.189233"/>
      <testcase name="testClaimPolicy" class="RoleCall\Absences\Policies\AbsencePolicyTest" file="/home/ubuntu/subhub-api/tests/Absences/Policies/AbsencePolicyTest.php" line="113" assertions="26" time="0.702536"/>
      <testcase name="testCreate" class="RoleCall\Absences\Policies\AbsencePolicyTest" file="/home/ubuntu/subhub-api/tests/Absences/Policies/AbsencePolicyTest.php" line="230" assertions="3" time="0.197120"/>
      <testcase name="testCreateAndAssign" class="RoleCall\Absences\Policies\AbsencePolicyTest" file="/home/ubuntu/subhub-api/tests/Absences/Policies/AbsencePolicyTest.php" line="241" assertions="3" time="0.212360"/>
      <testcase name="testCreateAndDirectAssign" class="RoleCall\Absences\Policies\AbsencePolicyTest" file="/home/ubuntu/subhub-api/tests/Absences/Policies/AbsencePolicyTest.php" line="252" assertions="5" time="0.233185"/>
      <testcase name="testCreateAndHold" class="RoleCall\Absences\Policies\AbsencePolicyTest" file="/home/ubuntu/subhub-api/tests/Absences/Policies/AbsencePolicyTest.php" line="275" assertions="3" time="0.194780"/>
      <testcase name="testCreateVacancy" class="RoleCall\Absences\Policies\AbsencePolicyTest" file="/home/ubuntu/subhub-api/tests/Absences/Policies/AbsencePolicyTest.php" line="286" assertions="3" time="0.213687"/>
      <testcase name="testDeclineCancel" class="RoleCall\Absences\Policies\AbsencePolicyTest" file="/home/ubuntu/subhub-api/tests/Absences/Policies/AbsencePolicyTest.php" line="297" assertions="4" time="0.202747"/>
      <testcase name="testDeclineOpen" class="RoleCall\Absences\Policies\AbsencePolicyTest" file="/home/ubuntu/subhub-api/tests/Absences/Policies/AbsencePolicyTest.php" line="311" assertions="4" time="0.202546"/>
      <testcase name="testHold" class="RoleCall\Absences\Policies\AbsencePolicyTest" file="/home/ubuntu/subhub-api/tests/Absences/Policies/AbsencePolicyTest.php" line="325" assertions="3" time="0.207062"/>
      <testcase name="testIndex" class="RoleCall\Absences\Policies\AbsencePolicyTest" file="/home/ubuntu/subhub-api/tests/Absences/Policies/AbsencePolicyTest.php" line="338" assertions="2" time="0.208270"/>
      <testcase name="testRequestCertifiedSub" class="RoleCall\Absences\Policies\AbsencePolicyTest" file="/home/ubuntu/subhub-api/tests/Absences/Policies/AbsencePolicyTest.php" line="346" assertions="2" time="0.186415"/>
      <testcase name="testSchoolCalendar" class="RoleCall\Absences\Policies\AbsencePolicyTest" file="/home/ubuntu/subhub-api/tests/Absences/Policies/AbsencePolicyTest.php" line="354" assertions="3" time="0.206972"/>
      <testcase name="testUnassign" class="RoleCall\Absences\Policies\AbsencePolicyTest" file="/home/ubuntu/subhub-api/tests/Absences/Policies/AbsencePolicyTest.php" line="366" assertions="2" time="0.186298"/>
      <testcase name="testUnclaim" class="RoleCall\Absences\Policies\AbsencePolicyTest" file="/home/ubuntu/subhub-api/tests/Absences/Policies/AbsencePolicyTest.php" line="374" assertions="12" time="0.281067"/>
      <testcase name="testUpdate" class="RoleCall\Absences\Policies\AbsencePolicyTest" file="/home/ubuntu/subhub-api/tests/Absences/Policies/AbsencePolicyTest.php" line="443" assertions="3" time="0.191738"/>
      <testcase name="testUpdateVacancy" class="RoleCall\Absences\Policies\AbsencePolicyTest" file="/home/ubuntu/subhub-api/tests/Absences/Policies/AbsencePolicyTest.php" line="454" assertions="22" time="0.273993"/>
      <testcase name="testUpdateReason" class="RoleCall\Absences\Policies\AbsencePolicyTest" file="/home/ubuntu/subhub-api/tests/Absences/Policies/AbsencePolicyTest.php" line="526" assertions="22" time="0.297117"/>
      <testcase name="testUserCalendar" class="RoleCall\Absences\Policies\AbsencePolicyTest" file="/home/ubuntu/subhub-api/tests/Absences/Policies/AbsencePolicyTest.php" line="598" assertions="3" time="0.195114"/>
      <testcase name="testView" class="RoleCall\Absences\Policies\AbsencePolicyTest" file="/home/ubuntu/subhub-api/tests/Absences/Policies/AbsencePolicyTest.php" line="610" assertions="9" time="0.371556"/>
      <testcase name="testViewCallHistory" class="RoleCall\Absences\Policies\AbsencePolicyTest" file="/home/ubuntu/subhub-api/tests/Absences/Policies/AbsencePolicyTest.php" line="646" assertions="2" time="0.190960"/>
      <testcase name="testViewChangeLogsHistory" class="RoleCall\Absences\Policies\AbsencePolicyTest" file="/home/ubuntu/subhub-api/tests/Absences/Policies/AbsencePolicyTest.php" line="654" assertions="2" time="0.187759"/>
      <testcase name="testViewEmailHistory" class="RoleCall\Absences\Policies\AbsencePolicyTest" file="/home/ubuntu/subhub-api/tests/Absences/Policies/AbsencePolicyTest.php" line="662" assertions="2" time="0.205405"/>
      <testcase name="testViewSmsHistory" class="RoleCall\Absences\Policies\AbsencePolicyTest" file="/home/ubuntu/subhub-api/tests/Absences/Policies/AbsencePolicyTest.php" line="670" assertions="2" time="0.187149"/>
      <testcase name="testViewTimeline" class="RoleCall\Absences\Policies\AbsencePolicyTest" file="/home/ubuntu/subhub-api/tests/Absences/Policies/AbsencePolicyTest.php" line="678" assertions="2" time="0.188986"/>
      <testcase name="testApprove" class="RoleCall\Absences\Policies\AbsencePolicyTest" file="/home/ubuntu/subhub-api/tests/Absences/Policies/AbsencePolicyTest.php" line="686" assertions="3" time="0.224059"/>
    </testsuite>
    <testsuite name="RoleCall\Absences\Policies\AbsenceReasonPolicyTest" file="/home/ubuntu/subhub-api/tests/Absences/Policies/AbsenceReasonPolicyTest.php" tests="3" assertions="30" failures="0" errors="0" time="0.646838">
      <testcase name="testCreate" class="RoleCall\Absences\Policies\AbsenceReasonPolicyTest" file="/home/ubuntu/subhub-api/tests/Absences/Policies/AbsenceReasonPolicyTest.php" line="15" assertions="4" time="0.156914"/>
      <testcase name="testIndex" class="RoleCall\Absences\Policies\AbsenceReasonPolicyTest" file="/home/ubuntu/subhub-api/tests/Absences/Policies/AbsenceReasonPolicyTest.php" line="41" assertions="22" time="0.308072"/>
      <testcase name="testUpdate" class="RoleCall\Absences\Policies\AbsenceReasonPolicyTest" file="/home/ubuntu/subhub-api/tests/Absences/Policies/AbsenceReasonPolicyTest.php" line="110" assertions="4" time="0.181852"/>
    </testsuite>
    <testsuite name="RoleCall\Absences\Requests\AssignAbsenceRequestTest" file="/home/ubuntu/subhub-api/tests/Absences/Requests/AssignAbsenceRequestTest.php" tests="1" assertions="1" failures="0" errors="0" time="0.174610">
      <testcase name="testRules" class="RoleCall\Absences\Requests\AssignAbsenceRequestTest" file="/home/ubuntu/subhub-api/tests/Absences/Requests/AssignAbsenceRequestTest.php" line="11" assertions="1" time="0.174610"/>
    </testsuite>
    <testsuite name="RoleCall\Absences\Requests\CancelAbsenceOccurrencesRequestTest" file="/home/ubuntu/subhub-api/tests/Absences/Requests/CancelAbsenceOccurrencesRequestTest.php" tests="4" assertions="11" failures="0" errors="0" time="0.775957">
      <testcase name="testValid" class="RoleCall\Absences\Requests\CancelAbsenceOccurrencesRequestTest" file="/home/ubuntu/subhub-api/tests/Absences/Requests/CancelAbsenceOccurrencesRequestTest.php" line="12" assertions="1" time="0.203506"/>
      <testcase name="testInvalidData" class="RoleCall\Absences\Requests\CancelAbsenceOccurrencesRequestTest" file="/home/ubuntu/subhub-api/tests/Absences/Requests/CancelAbsenceOccurrencesRequestTest.php" line="36" assertions="3" time="0.174149"/>
      <testcase name="testInvalidOccurrences" class="RoleCall\Absences\Requests\CancelAbsenceOccurrencesRequestTest" file="/home/ubuntu/subhub-api/tests/Absences/Requests/CancelAbsenceOccurrencesRequestTest.php" line="51" assertions="3" time="0.179992"/>
      <testcase name="testOccurrencesWithTimelogs" class="RoleCall\Absences\Requests\CancelAbsenceOccurrencesRequestTest" file="/home/ubuntu/subhub-api/tests/Absences/Requests/CancelAbsenceOccurrencesRequestTest.php" line="81" assertions="4" time="0.218310"/>
    </testsuite>
    <testsuite name="RoleCall\Absences\Requests\CreateAbsenceReasonRequestTest" file="/home/ubuntu/subhub-api/tests/Absences/Requests/CreateAbsenceReasonRequestTest.php" tests="4" assertions="15" failures="0" errors="0" time="0.594539">
      <testcase name="testValid" class="RoleCall\Absences\Requests\CreateAbsenceReasonRequestTest" file="/home/ubuntu/subhub-api/tests/Absences/Requests/CreateAbsenceReasonRequestTest.php" line="12" assertions="1" time="0.142773"/>
      <testcase name="testRequiredFields" class="RoleCall\Absences\Requests\CreateAbsenceReasonRequestTest" file="/home/ubuntu/subhub-api/tests/Absences/Requests/CreateAbsenceReasonRequestTest.php" line="30" assertions="5" time="0.143671"/>
      <testcase name="testInvalidFields" class="RoleCall\Absences\Requests\CreateAbsenceReasonRequestTest" file="/home/ubuntu/subhub-api/tests/Absences/Requests/CreateAbsenceReasonRequestTest.php" line="46" assertions="5" time="0.162860"/>
      <testcase name="testDeactivatedAllowsAutoSick" class="RoleCall\Absences\Requests\CreateAbsenceReasonRequestTest" file="/home/ubuntu/subhub-api/tests/Absences/Requests/CreateAbsenceReasonRequestTest.php" line="67" assertions="4" time="0.145235"/>
    </testsuite>
    <testsuite name="RoleCall\Absences\Requests\UpdateAbsenceReasonRequestTest" file="/home/ubuntu/subhub-api/tests/Absences/Requests/UpdateAbsenceReasonRequestTest.php" tests="4" assertions="11" failures="0" errors="0" time="0.603474">
      <testcase name="testValid" class="RoleCall\Absences\Requests\UpdateAbsenceReasonRequestTest" file="/home/ubuntu/subhub-api/tests/Absences/Requests/UpdateAbsenceReasonRequestTest.php" line="12" assertions="1" time="0.143270"/>
      <testcase name="testRequiredFields" class="RoleCall\Absences\Requests\UpdateAbsenceReasonRequestTest" file="/home/ubuntu/subhub-api/tests/Absences/Requests/UpdateAbsenceReasonRequestTest.php" line="30" assertions="1" time="0.163846"/>
      <testcase name="testInvalidFields" class="RoleCall\Absences\Requests\UpdateAbsenceReasonRequestTest" file="/home/ubuntu/subhub-api/tests/Absences/Requests/UpdateAbsenceReasonRequestTest.php" line="42" assertions="5" time="0.149445"/>
      <testcase name="testDeactivatedAllowsAutoSick" class="RoleCall\Absences\Requests\UpdateAbsenceReasonRequestTest" file="/home/ubuntu/subhub-api/tests/Absences/Requests/UpdateAbsenceReasonRequestTest.php" line="63" assertions="4" time="0.146913"/>
    </testsuite>
    <testsuite name="RoleCall\Absences\Requests\UpdateAbsenceRequestTest" file="/home/ubuntu/subhub-api/tests/Absences/Requests/UpdateAbsenceRequestTest.php" tests="2" assertions="7" failures="0" errors="0" time="0.454738">
      <testcase name="testMissingDayUnitRates" class="RoleCall\Absences\Requests\UpdateAbsenceRequestTest" file="/home/ubuntu/subhub-api/tests/Absences/Requests/UpdateAbsenceRequestTest.php" line="38" assertions="3" time="0.224956"/>
      <testcase name="testExceedsBalance" class="RoleCall\Absences\Requests\UpdateAbsenceRequestTest" file="/home/ubuntu/subhub-api/tests/Absences/Requests/UpdateAbsenceRequestTest.php" line="60" assertions="4" time="0.229782"/>
    </testsuite>
    <testsuite name="RoleCall\Absences\Requests\UpdateVacancyRequestTest" file="/home/ubuntu/subhub-api/tests/Absences/Requests/UpdateVacancyRequestTest.php" tests="3" assertions="8" failures="0" errors="0" time="0.369204">
      <testcase name="testValid" class="RoleCall\Absences\Requests\UpdateVacancyRequestTest" file="/home/ubuntu/subhub-api/tests/Absences/Requests/UpdateVacancyRequestTest.php" line="12" assertions="1" time="0.134212"/>
      <testcase name="testRequiredFields" class="RoleCall\Absences\Requests\UpdateVacancyRequestTest" file="/home/ubuntu/subhub-api/tests/Absences/Requests/UpdateVacancyRequestTest.php" line="36" assertions="1" time="0.117165"/>
      <testcase name="testInvalidFields" class="RoleCall\Absences\Requests\UpdateVacancyRequestTest" file="/home/ubuntu/subhub-api/tests/Absences/Requests/UpdateVacancyRequestTest.php" line="45" assertions="6" time="0.117827"/>
    </testsuite>
    <testsuite name="RoleCall\Absences\Scopes\AbsenceOccurrenceAsAbsenceStatusScopeTest" file="/home/ubuntu/subhub-api/tests/Absences/Scopes/AbsenceOccurrenceAsAbsenceStatusScopeTest.php" tests="8" assertions="16" failures="0" errors="0" time="1.505758">
      <testsuite name="RoleCall\Absences\Scopes\AbsenceOccurrenceAsAbsenceStatusScopeTest::testStatuses" tests="8" assertions="16" failures="0" errors="0" time="1.505758">
        <testcase name="testStatuses with data set &quot;open&quot;" assertions="2" time="0.196439"/>
        <testcase name="testStatuses with data set &quot;expired&quot;" assertions="2" time="0.181820"/>
        <testcase name="testStatuses with data set &quot;filled&quot;" assertions="2" time="0.180989"/>
        <testcase name="testStatuses with data set &quot;cancelled&quot;" assertions="2" time="0.198400"/>
        <testcase name="testStatuses with data set &quot;declined&quot;" assertions="2" time="0.181247"/>
        <testcase name="testStatuses with data set &quot;filled_and_expired&quot;" assertions="2" time="0.181934"/>
        <testcase name="testStatuses with data set &quot;pending_cancellation&quot;" assertions="2" time="0.199773"/>
        <testcase name="testStatuses with data set &quot;pending_open&quot;" assertions="2" time="0.185156"/>
      </testsuite>
    </testsuite>
    <testsuite name="RoleCall\Absences\Scopes\AbsenceVisibleToScopeTest" file="/home/ubuntu/subhub-api/tests/Absences/Scopes/AbsenceVisibleToScopeTest.php" tests="8" assertions="16" failures="0" errors="0" time="4.133834">
      <testcase name="testVisibleAsSuper" class="RoleCall\Absences\Scopes\AbsenceVisibleToScopeTest" file="/home/ubuntu/subhub-api/tests/Absences/Scopes/AbsenceVisibleToScopeTest.php" line="63" assertions="2" time="0.488585"/>
      <testcase name="testVisibleAsAgencyAdmin" class="RoleCall\Absences\Scopes\AbsenceVisibleToScopeTest" file="/home/ubuntu/subhub-api/tests/Absences/Scopes/AbsenceVisibleToScopeTest.php" line="74" assertions="2" time="0.526666"/>
      <testcase name="testVisibleAsRegionAdmin" class="RoleCall\Absences\Scopes\AbsenceVisibleToScopeTest" file="/home/ubuntu/subhub-api/tests/Absences/Scopes/AbsenceVisibleToScopeTest.php" line="86" assertions="2" time="0.507017"/>
      <testcase name="testVisibleAsDistrictAdmin" class="RoleCall\Absences\Scopes\AbsenceVisibleToScopeTest" file="/home/ubuntu/subhub-api/tests/Absences/Scopes/AbsenceVisibleToScopeTest.php" line="98" assertions="2" time="0.524923"/>
      <testcase name="testVisibleAsSchoolAdmin" class="RoleCall\Absences\Scopes\AbsenceVisibleToScopeTest" file="/home/ubuntu/subhub-api/tests/Absences/Scopes/AbsenceVisibleToScopeTest.php" line="110" assertions="2" time="0.512471"/>
      <testcase name="testVisibleAsAbsenceApprover" class="RoleCall\Absences\Scopes\AbsenceVisibleToScopeTest" file="/home/ubuntu/subhub-api/tests/Absences/Scopes/AbsenceVisibleToScopeTest.php" line="122" assertions="2" time="0.518092"/>
      <testcase name="testVisibleAsEmployee" class="RoleCall\Absences\Scopes\AbsenceVisibleToScopeTest" file="/home/ubuntu/subhub-api/tests/Absences/Scopes/AbsenceVisibleToScopeTest.php" line="135" assertions="2" time="0.542504"/>
      <testcase name="testVisibleAsSub" class="RoleCall\Absences\Scopes\AbsenceVisibleToScopeTest" file="/home/ubuntu/subhub-api/tests/Absences/Scopes/AbsenceVisibleToScopeTest.php" line="151" assertions="2" time="0.513576"/>
    </testsuite>
    <testsuite name="RoleCall\Users\Scopes\CanBeClaimedByScopeTest" file="/home/ubuntu/subhub-api/tests/Absences/Scopes/CanBeClaimedByScopeTest.php" tests="65" assertions="127" failures="0" errors="0" time="15.047929">
      <testcase name="testUserIsEligible" class="RoleCall\Users\Scopes\CanBeClaimedByScopeTest" file="/home/ubuntu/subhub-api/tests/Absences/Scopes/CanBeClaimedByScopeTest.php" line="52" assertions="1" time="0.224775"/>
      <testcase name="testUserIsTheSameAsTheEmployee" class="RoleCall\Users\Scopes\CanBeClaimedByScopeTest" file="/home/ubuntu/subhub-api/tests/Absences/Scopes/CanBeClaimedByScopeTest.php" line="57" assertions="2" time="0.221068"/>
      <testcase name="testUserHasUnclaimViolation" class="RoleCall\Users\Scopes\CanBeClaimedByScopeTest" file="/home/ubuntu/subhub-api/tests/Absences/Scopes/CanBeClaimedByScopeTest.php" line="66" assertions="3" time="0.238818"/>
      <testcase name="testUserHasUnclaimViolationInDifferentDistrict" class="RoleCall\Users\Scopes\CanBeClaimedByScopeTest" file="/home/ubuntu/subhub-api/tests/Absences/Scopes/CanBeClaimedByScopeTest.php" line="83" assertions="2" time="0.297406"/>
      <testcase name="testUserHasNoSubRoles" class="RoleCall\Users\Scopes\CanBeClaimedByScopeTest" file="/home/ubuntu/subhub-api/tests/Absences/Scopes/CanBeClaimedByScopeTest.php" line="116" assertions="2" time="0.225433"/>
      <testsuite name="RoleCall\Users\Scopes\CanBeClaimedByScopeTest::testUsersSubRolesDates" tests="11" assertions="22" failures="0" errors="0" time="2.618009">
        <testcase name="testUsersSubRolesDates with data set &quot;before&quot;" assertions="2" time="0.224470"/>
        <testcase name="testUsersSubRolesDates with data set &quot;after&quot;" assertions="2" time="0.240373"/>
        <testcase name="testUsersSubRolesDates with data set &quot;starts at start&quot;" assertions="2" time="0.220437"/>
        <testcase name="testUsersSubRolesDates with data set &quot;starts at end&quot;" assertions="2" time="0.235960"/>
        <testcase name="testUsersSubRolesDates with data set &quot;ends at start&quot;" assertions="2" time="0.221375"/>
        <testcase name="testUsersSubRolesDates with data set &quot;ends at end&quot;" assertions="2" time="0.219212"/>
        <testcase name="testUsersSubRolesDates with data set &quot;exactly the same&quot;" assertions="2" time="0.246781"/>
        <testcase name="testUsersSubRolesDates with data set &quot;overlaps at start&quot;" assertions="2" time="0.250530"/>
        <testcase name="testUsersSubRolesDates with data set &quot;overlaps at end&quot;" assertions="2" time="0.290576"/>
        <testcase name="testUsersSubRolesDates with data set &quot;inside&quot;" assertions="2" time="0.242119"/>
        <testcase name="testUsersSubRolesDates with data set &quot;around&quot;" assertions="2" time="0.226176"/>
      </testsuite>
      <testcase name="testUserHasTheWrongPosition" class="RoleCall\Users\Scopes\CanBeClaimedByScopeTest" file="/home/ubuntu/subhub-api/tests/Absences/Scopes/CanBeClaimedByScopeTest.php" line="158" assertions="2" time="0.239999"/>
      <testcase name="testUserIsNotASubForAllOccurrences" class="RoleCall\Users\Scopes\CanBeClaimedByScopeTest" file="/home/ubuntu/subhub-api/tests/Absences/Scopes/CanBeClaimedByScopeTest.php" line="168" assertions="1" time="0.212026"/>
      <testcase name="testUserIsPreferred" class="RoleCall\Users\Scopes\CanBeClaimedByScopeTest" file="/home/ubuntu/subhub-api/tests/Absences/Scopes/CanBeClaimedByScopeTest.php" line="177" assertions="1" time="0.233217"/>
      <testcase name="testUserIsPriority" class="RoleCall\Users\Scopes\CanBeClaimedByScopeTest" file="/home/ubuntu/subhub-api/tests/Absences/Scopes/CanBeClaimedByScopeTest.php" line="185" assertions="1" time="0.209927"/>
      <testcase name="testUserIsNotPreferred" class="RoleCall\Users\Scopes\CanBeClaimedByScopeTest" file="/home/ubuntu/subhub-api/tests/Absences/Scopes/CanBeClaimedByScopeTest.php" line="195" assertions="2" time="0.217757"/>
      <testcase name="testUserIsNotPriority" class="RoleCall\Users\Scopes\CanBeClaimedByScopeTest" file="/home/ubuntu/subhub-api/tests/Absences/Scopes/CanBeClaimedByScopeTest.php" line="203" assertions="2" time="0.240975"/>
      <testcase name="testSchoolHasExcludedTheUser" class="RoleCall\Users\Scopes\CanBeClaimedByScopeTest" file="/home/ubuntu/subhub-api/tests/Absences/Scopes/CanBeClaimedByScopeTest.php" line="212" assertions="2" time="0.221664"/>
      <testcase name="testEmployeeHasExcludedTheUser" class="RoleCall\Users\Scopes\CanBeClaimedByScopeTest" file="/home/ubuntu/subhub-api/tests/Absences/Scopes/CanBeClaimedByScopeTest.php" line="223" assertions="2" time="0.223784"/>
      <testcase name="testUserHasExcludedTheAbsence" class="RoleCall\Users\Scopes\CanBeClaimedByScopeTest" file="/home/ubuntu/subhub-api/tests/Absences/Scopes/CanBeClaimedByScopeTest.php" line="234" assertions="2" time="0.242312"/>
      <testcase name="testUserHasExcludedTheSchool" class="RoleCall\Users\Scopes\CanBeClaimedByScopeTest" file="/home/ubuntu/subhub-api/tests/Absences/Scopes/CanBeClaimedByScopeTest.php" line="245" assertions="2" time="0.221592"/>
      <testcase name="testUserHasExcludedTheEmployee" class="RoleCall\Users\Scopes\CanBeClaimedByScopeTest" file="/home/ubuntu/subhub-api/tests/Absences/Scopes/CanBeClaimedByScopeTest.php" line="256" assertions="2" time="0.239599"/>
      <testcase name="testUserHasExcludedTheGrade" class="RoleCall\Users\Scopes\CanBeClaimedByScopeTest" file="/home/ubuntu/subhub-api/tests/Absences/Scopes/CanBeClaimedByScopeTest.php" line="267" assertions="2" time="0.224980"/>
      <testcase name="testUserHasExcludedTheSubject" class="RoleCall\Users\Scopes\CanBeClaimedByScopeTest" file="/home/ubuntu/subhub-api/tests/Absences/Scopes/CanBeClaimedByScopeTest.php" line="280" assertions="2" time="0.224335"/>
      <testcase name="testUserHasNoAvailability" class="RoleCall\Users\Scopes\CanBeClaimedByScopeTest" file="/home/ubuntu/subhub-api/tests/Absences/Scopes/CanBeClaimedByScopeTest.php" line="293" assertions="2" time="0.241863"/>
      <testsuite name="RoleCall\Users\Scopes\CanBeClaimedByScopeTest::testUserAvailabilityDates" tests="11" assertions="22" failures="0" errors="0" time="2.543216">
        <testcase name="testUserAvailabilityDates with data set &quot;before&quot;" assertions="2" time="0.224853"/>
        <testcase name="testUserAvailabilityDates with data set &quot;after&quot;" assertions="2" time="0.241967"/>
        <testcase name="testUserAvailabilityDates with data set &quot;starts at start&quot;" assertions="2" time="0.224088"/>
        <testcase name="testUserAvailabilityDates with data set &quot;starts at end&quot;" assertions="2" time="0.224469"/>
        <testcase name="testUserAvailabilityDates with data set &quot;ends at start&quot;" assertions="2" time="0.244729"/>
        <testcase name="testUserAvailabilityDates with data set &quot;ends at end&quot;" assertions="2" time="0.224698"/>
        <testcase name="testUserAvailabilityDates with data set &quot;exactly the same&quot;" assertions="2" time="0.237115"/>
        <testcase name="testUserAvailabilityDates with data set &quot;overlaps at start&quot;" assertions="2" time="0.230389"/>
        <testcase name="testUserAvailabilityDates with data set &quot;overlaps at end&quot;" assertions="2" time="0.224090"/>
        <testcase name="testUserAvailabilityDates with data set &quot;inside&quot;" assertions="2" time="0.243623"/>
        <testcase name="testUserAvailabilityDates with data set &quot;around&quot;" assertions="2" time="0.223195"/>
      </testsuite>
      <testsuite name="RoleCall\Users\Scopes\CanBeClaimedByScopeTest::testUsersExistingWorkSchedule" tests="11" assertions="22" failures="0" errors="0" time="2.532783">
        <testcase name="testUsersExistingWorkSchedule with data set &quot;before&quot;" assertions="2" time="0.221125"/>
        <testcase name="testUsersExistingWorkSchedule with data set &quot;after&quot;" assertions="2" time="0.240137"/>
        <testcase name="testUsersExistingWorkSchedule with data set &quot;starts at start&quot;" assertions="2" time="0.222066"/>
        <testcase name="testUsersExistingWorkSchedule with data set &quot;starts at end&quot;" assertions="2" time="0.238054"/>
        <testcase name="testUsersExistingWorkSchedule with data set &quot;ends at start&quot;" assertions="2" time="0.220667"/>
        <testcase name="testUsersExistingWorkSchedule with data set &quot;ends at end&quot;" assertions="2" time="0.228039"/>
        <testcase name="testUsersExistingWorkSchedule with data set &quot;exactly the same&quot;" assertions="2" time="0.248150"/>
        <testcase name="testUsersExistingWorkSchedule with data set &quot;overlaps at start&quot;" assertions="2" time="0.224443"/>
        <testcase name="testUsersExistingWorkSchedule with data set &quot;overlaps at end&quot;" assertions="2" time="0.242428"/>
        <testcase name="testUsersExistingWorkSchedule with data set &quot;inside&quot;" assertions="2" time="0.223755"/>
        <testcase name="testUsersExistingWorkSchedule with data set &quot;around&quot;" assertions="2" time="0.223919"/>
      </testsuite>
      <testcase name="testUserIsMissingCredentials" class="RoleCall\Users\Scopes\CanBeClaimedByScopeTest" file="/home/ubuntu/subhub-api/tests/Absences/Scopes/CanBeClaimedByScopeTest.php" line="370" assertions="2" time="0.237046"/>
      <testcase name="testUserIsMissingCredentialsForSomeOccurrences" class="RoleCall\Users\Scopes\CanBeClaimedByScopeTest" file="/home/ubuntu/subhub-api/tests/Absences/Scopes/CanBeClaimedByScopeTest.php" line="378" assertions="2" time="0.220015"/>
      <testsuite name="RoleCall\Users\Scopes\CanBeClaimedByScopeTest::testUsersCredentialDates" tests="11" assertions="22" failures="0" errors="0" time="2.495330">
        <testcase name="testUsersCredentialDates with data set &quot;before&quot;" assertions="2" time="0.236740"/>
        <testcase name="testUsersCredentialDates with data set &quot;after&quot;" assertions="2" time="0.219411"/>
        <testcase name="testUsersCredentialDates with data set &quot;starts at start&quot;" assertions="2" time="0.222567"/>
        <testcase name="testUsersCredentialDates with data set &quot;starts at end&quot;" assertions="2" time="0.238841"/>
        <testcase name="testUsersCredentialDates with data set &quot;ends at start&quot;" assertions="2" time="0.220498"/>
        <testcase name="testUsersCredentialDates with data set &quot;ends at end&quot;" assertions="2" time="0.227263"/>
        <testcase name="testUsersCredentialDates with data set &quot;exactly the same&quot;" assertions="2" time="0.236988"/>
        <testcase name="testUsersCredentialDates with data set &quot;overlaps at start&quot;" assertions="2" time="0.217519"/>
        <testcase name="testUsersCredentialDates with data set &quot;overlaps at end&quot;" assertions="2" time="0.236446"/>
        <testcase name="testUsersCredentialDates with data set &quot;inside&quot;" assertions="2" time="0.219873"/>
        <testcase name="testUsersCredentialDates with data set &quot;around&quot;" assertions="2" time="0.219184"/>
      </testsuite>
    </testsuite>
    <testsuite name="RoleCall\Absences\Scopes\HasOpenOccurrencesBetweenScopeTest" file="/home/ubuntu/subhub-api/tests/Absences/Scopes/HasOpenOccurrencesBetweenScopeTest.php" tests="7" assertions="7" failures="0" errors="0" time="1.287206">
      <testsuite name="RoleCall\Absences\Scopes\HasOpenOccurrencesBetweenScopeTest::testScope" tests="7" assertions="7" failures="0" errors="0" time="1.287206">
        <testcase name="testScope with data set &quot;exactly&quot;" assertions="1" time="0.196487"/>
        <testcase name="testScope with data set &quot;inside&quot;" assertions="1" time="0.175890"/>
        <testcase name="testScope with data set &quot;before&quot;" assertions="1" time="0.177086"/>
        <testcase name="testScope with data set &quot;after&quot;" assertions="1" time="0.193253"/>
        <testcase name="testScope with data set &quot;late&quot;" assertions="1" time="0.176075"/>
        <testcase name="testScope with data set &quot;early&quot;" assertions="1" time="0.192374"/>
        <testcase name="testScope with data set &quot;around&quot;" assertions="1" time="0.176041"/>
      </testsuite>
    </testsuite>
    <testsuite name="RoleCall\Absences\Services\ApprovePendingOpenAbsenceTest" file="/home/ubuntu/subhub-api/tests/Absences/Services/ApprovePendingOpenAbsenceTest.php" tests="2" assertions="2" failures="0" errors="0" time="0.382996">
      <testcase name="testApproveAbsence" class="RoleCall\Absences\Services\ApprovePendingOpenAbsenceTest" file="/home/ubuntu/subhub-api/tests/Absences/Services/ApprovePendingOpenAbsenceTest.php" line="12" assertions="1" time="0.181836"/>
      <testcase name="testApproveVacancy" class="RoleCall\Absences\Services\ApprovePendingOpenAbsenceTest" file="/home/ubuntu/subhub-api/tests/Absences/Services/ApprovePendingOpenAbsenceTest.php" line="30" assertions="1" time="0.201160"/>
    </testsuite>
    <testsuite name="RoleCall\Absences\Services\CancelAbsenceTest" file="/home/ubuntu/subhub-api/tests/Absences/Services/CancelAbsenceTest.php" tests="4" assertions="8" failures="0" errors="0" time="0.838043">
      <testcase name="testCancel" class="RoleCall\Absences\Services\CancelAbsenceTest" file="/home/ubuntu/subhub-api/tests/Absences/Services/CancelAbsenceTest.php" line="22" assertions="2" time="0.188725"/>
      <testcase name="testCancelTooLate" class="RoleCall\Absences\Services\CancelAbsenceTest" file="/home/ubuntu/subhub-api/tests/Absences/Services/CancelAbsenceTest.php" line="44" assertions="2" time="0.191725"/>
      <testcase name="testCancelFilledAsSuper" class="RoleCall\Absences\Services\CancelAbsenceTest" file="/home/ubuntu/subhub-api/tests/Absences/Services/CancelAbsenceTest.php" line="72" assertions="2" time="0.249902"/>
      <testcase name="testCancelFilledNonUnassignableOccurrences" class="RoleCall\Absences\Services\CancelAbsenceTest" file="/home/ubuntu/subhub-api/tests/Absences/Services/CancelAbsenceTest.php" line="106" assertions="2" time="0.207691"/>
    </testsuite>
    <testsuite name="RoleCall\Absences\Services\CreateAbsenceNoteTest" file="/home/ubuntu/subhub-api/tests/Absences/Services/CreateAbsenceNoteTest.php" tests="1" assertions="5" failures="0" errors="0" time="0.215688">
      <testcase name="testCreate" class="RoleCall\Absences\Services\CreateAbsenceNoteTest" file="/home/ubuntu/subhub-api/tests/Absences/Services/CreateAbsenceNoteTest.php" line="19" assertions="5" time="0.215688"/>
    </testsuite>
    <testsuite name="RoleCall\Absences\Services\CreateAbsenceTest" file="/home/ubuntu/subhub-api/tests/Absences/Services/CreateAbsenceTest.php" tests="8" assertions="54" failures="0" errors="0" time="2.244418">
      <testcase name="testCreate" class="RoleCall\Absences\Services\CreateAbsenceTest" file="/home/ubuntu/subhub-api/tests/Absences/Services/CreateAbsenceTest.php" line="20" assertions="18" time="0.250067"/>
      <testcase name="testCreateWithDifferentTimezone" class="RoleCall\Absences\Services\CreateAbsenceTest" file="/home/ubuntu/subhub-api/tests/Absences/Services/CreateAbsenceTest.php" line="70" assertions="16" time="0.251027"/>
      <testcase name="testThatPrioritySubsAreSetAsPrioritySubs" class="RoleCall\Absences\Services\CreateAbsenceTest" file="/home/ubuntu/subhub-api/tests/Absences/Services/CreateAbsenceTest.php" line="132" assertions="5" time="0.283578"/>
      <testcase name="testThatAnEmployeesPreferredSubsAreSetAsPrioritySubsWhenNoPrioritySubsAreSet" class="RoleCall\Absences\Services\CreateAbsenceTest" file="/home/ubuntu/subhub-api/tests/Absences/Services/CreateAbsenceTest.php" line="183" assertions="3" time="0.254152"/>
      <testcase name="testDirectAssignOfAPrioritySub" class="RoleCall\Absences\Services\CreateAbsenceTest" file="/home/ubuntu/subhub-api/tests/Absences/Services/CreateAbsenceTest.php" line="225" assertions="3" time="0.343145"/>
      <testcase name="testDirectAssignOfAPrioritySubByAnEmployee" class="RoleCall\Absences\Services\CreateAbsenceTest" file="/home/ubuntu/subhub-api/tests/Absences/Services/CreateAbsenceTest.php" line="282" assertions="3" time="0.341411"/>
      <testcase name="testAssignOfMultiplePrioritySubs" class="RoleCall\Absences\Services\CreateAbsenceTest" file="/home/ubuntu/subhub-api/tests/Absences/Services/CreateAbsenceTest.php" line="333" assertions="5" time="0.208602"/>
      <testcase name="testDirectAssignOfAPrioritySubWithInvalidPermissions" class="RoleCall\Absences\Services\CreateAbsenceTest" file="/home/ubuntu/subhub-api/tests/Absences/Services/CreateAbsenceTest.php" line="374" assertions="1" time="0.312436"/>
    </testsuite>
    <testsuite name="RoleCall\Absences\Services\CreateAutoSickAbsenceTest" file="/home/ubuntu/subhub-api/tests/Absences/Services/CreateAutoSickAbsenceTest.php" tests="1" assertions="14" failures="0" errors="0" time="0.257259">
      <testcase name="testCreate" class="RoleCall\Absences\Services\CreateAutoSickAbsenceTest" file="/home/ubuntu/subhub-api/tests/Absences/Services/CreateAutoSickAbsenceTest.php" line="15" assertions="14" time="0.257259"/>
    </testsuite>
    <testsuite name="RoleCall\Absences\Services\DeclineCancelAbsenceTest" file="/home/ubuntu/subhub-api/tests/Absences/Services/DeclineCancelAbsenceTest.php" tests="1" assertions="1" failures="0" errors="0" time="0.197952">
      <testcase name="test" class="RoleCall\Absences\Services\DeclineCancelAbsenceTest" file="/home/ubuntu/subhub-api/tests/Absences/Services/DeclineCancelAbsenceTest.php" line="11" assertions="1" time="0.197952"/>
    </testsuite>
    <testsuite name="RoleCall\Absences\Services\DeclinePendingOpenAbsenceTest" file="/home/ubuntu/subhub-api/tests/Absences/Services/DeclinePendingOpenAbsenceTest.php" tests="2" assertions="2" failures="0" errors="0" time="0.361545">
      <testcase name="testDeclineAbsence" class="RoleCall\Absences\Services\DeclinePendingOpenAbsenceTest" file="/home/ubuntu/subhub-api/tests/Absences/Services/DeclinePendingOpenAbsenceTest.php" line="12" assertions="1" time="0.181446"/>
      <testcase name="testDeclineVacancy" class="RoleCall\Absences\Services\DeclinePendingOpenAbsenceTest" file="/home/ubuntu/subhub-api/tests/Absences/Services/DeclinePendingOpenAbsenceTest.php" line="25" assertions="1" time="0.180099"/>
    </testsuite>
    <testsuite name="RoleCall\Absences\Services\DeleteAbsenceOccurrenceTest" file="/home/ubuntu/subhub-api/tests/Absences/Services/DeleteAbsenceOccurrenceTest.php" tests="3" assertions="8" failures="0" errors="0" time="0.741938">
      <testcase name="testDelete" class="RoleCall\Absences\Services\DeleteAbsenceOccurrenceTest" file="/home/ubuntu/subhub-api/tests/Absences/Services/DeleteAbsenceOccurrenceTest.php" line="20" assertions="4" time="0.223341"/>
      <testcase name="testDeleteFilled" class="RoleCall\Absences\Services\DeleteAbsenceOccurrenceTest" file="/home/ubuntu/subhub-api/tests/Absences/Services/DeleteAbsenceOccurrenceTest.php" line="53" assertions="2" time="0.257643"/>
      <testcase name="testDeleteRemoveFromEmployeeLeaveBalanceLedger" class="RoleCall\Absences\Services\DeleteAbsenceOccurrenceTest" file="/home/ubuntu/subhub-api/tests/Absences/Services/DeleteAbsenceOccurrenceTest.php" line="87" assertions="2" time="0.260954"/>
    </testsuite>
    <testsuite name="RoleCall\Absences\Services\HoldAbsenceTest" file="/home/ubuntu/subhub-api/tests/Absences/Services/HoldAbsenceTest.php" tests="1" assertions="1" failures="0" errors="0" time="0.189948">
      <testcase name="testHold" class="RoleCall\Absences\Services\HoldAbsenceTest" file="/home/ubuntu/subhub-api/tests/Absences/Services/HoldAbsenceTest.php" line="11" assertions="1" time="0.189948"/>
    </testsuite>
    <testsuite name="RoleCall\Absences\Services\RefreshAbsenceStatusTest" file="/home/ubuntu/subhub-api/tests/Absences/Services/RefreshAbsenceStatusTest.php" tests="10" assertions="20" failures="0" errors="0" time="1.921130">
      <testcase name="testNoStatusChanges" class="RoleCall\Absences\Services\RefreshAbsenceStatusTest" file="/home/ubuntu/subhub-api/tests/Absences/Services/RefreshAbsenceStatusTest.php" line="13" assertions="5" time="0.198510"/>
      <testcase name="testOpenGoesToExpired" class="RoleCall\Absences\Services\RefreshAbsenceStatusTest" file="/home/ubuntu/subhub-api/tests/Absences/Services/RefreshAbsenceStatusTest.php" line="53" assertions="2" time="0.183178"/>
      <testcase name="testExpiredGoesToOpen" class="RoleCall\Absences\Services\RefreshAbsenceStatusTest" file="/home/ubuntu/subhub-api/tests/Absences/Services/RefreshAbsenceStatusTest.php" line="72" assertions="2" time="0.204027"/>
      <testcase name="testPendingCancelledRemainsPendingCancelled" class="RoleCall\Absences\Services\RefreshAbsenceStatusTest" file="/home/ubuntu/subhub-api/tests/Absences/Services/RefreshAbsenceStatusTest.php" line="91" assertions="2" time="0.186375"/>
      <testcase name="testPendingOpenStaysPendingOpen" class="RoleCall\Absences\Services\RefreshAbsenceStatusTest" file="/home/ubuntu/subhub-api/tests/Absences/Services/RefreshAbsenceStatusTest.php" line="111" assertions="2" time="0.185410"/>
      <testcase name="testPendingOpenGoesToFilled" class="RoleCall\Absences\Services\RefreshAbsenceStatusTest" file="/home/ubuntu/subhub-api/tests/Absences/Services/RefreshAbsenceStatusTest.php" line="130" assertions="2" time="0.205537"/>
      <testcase name="testDeclinedStaysDeclinedButOccurrencesExpire" class="RoleCall\Absences\Services\RefreshAbsenceStatusTest" file="/home/ubuntu/subhub-api/tests/Absences/Services/RefreshAbsenceStatusTest.php" line="150" assertions="2" time="0.184989"/>
      <testcase name="testPriorityStatusChangesFromPreferredToAll" class="RoleCall\Absences\Services\RefreshAbsenceStatusTest" file="/home/ubuntu/subhub-api/tests/Absences/Services/RefreshAbsenceStatusTest.php" line="169" assertions="1" time="0.201138"/>
      <testcase name="testPriorityStatusStaysPreferred" class="RoleCall\Absences\Services\RefreshAbsenceStatusTest" file="/home/ubuntu/subhub-api/tests/Absences/Services/RefreshAbsenceStatusTest.php" line="188" assertions="1" time="0.185233"/>
      <testcase name="testPriorityStatusChangesFromPriorityToPreferred" class="RoleCall\Absences\Services\RefreshAbsenceStatusTest" file="/home/ubuntu/subhub-api/tests/Absences/Services/RefreshAbsenceStatusTest.php" line="209" assertions="1" time="0.186733"/>
    </testsuite>
    <testsuite name="RoleCall\Absences\Services\ReleaseAbsenceTest" file="/home/ubuntu/subhub-api/tests/Absences/Services/ReleaseAbsenceTest.php" tests="1" assertions="1" failures="0" errors="0" time="0.201752">
      <testcase name="testRelease" class="RoleCall\Absences\Services\ReleaseAbsenceTest" file="/home/ubuntu/subhub-api/tests/Absences/Services/ReleaseAbsenceTest.php" line="11" assertions="1" time="0.201752"/>
    </testsuite>
    <testsuite name="RoleCall\Absences\Services\ReserveAbsenceOccurrencesTest" file="/home/ubuntu/subhub-api/tests/Absences/Services/ReserveAbsenceOccurrencesTest.php" tests="5" assertions="5" failures="0" errors="0" time="0.953626">
      <testcase name="testCanReserveAllOpenOccurrences" class="RoleCall\Absences\Services\ReserveAbsenceOccurrencesTest" file="/home/ubuntu/subhub-api/tests/Absences/Services/ReserveAbsenceOccurrencesTest.php" line="34" assertions="1" time="0.182980"/>
      <testcase name="testCanReserveOneOccurrence" class="RoleCall\Absences\Services\ReserveAbsenceOccurrencesTest" file="/home/ubuntu/subhub-api/tests/Absences/Services/ReserveAbsenceOccurrencesTest.php" line="41" assertions="1" time="0.182651"/>
      <testcase name="testCannotReserveWhenAlreadyReserved" class="RoleCall\Absences\Services\ReserveAbsenceOccurrencesTest" file="/home/ubuntu/subhub-api/tests/Absences/Services/ReserveAbsenceOccurrencesTest.php" line="48" assertions="1" time="0.210369"/>
      <testcase name="testPariallyReservedOccurencesAreReleasedWhenUnableToReserveAllOccurrences" class="RoleCall\Absences\Services\ReserveAbsenceOccurrencesTest" file="/home/ubuntu/subhub-api/tests/Absences/Services/ReserveAbsenceOccurrencesTest.php" line="59" assertions="1" time="0.193680"/>
      <testcase name="testExceptionIsThrownWhenNoOccurrencesAreProvided" class="RoleCall\Absences\Services\ReserveAbsenceOccurrencesTest" file="/home/ubuntu/subhub-api/tests/Absences/Services/ReserveAbsenceOccurrencesTest.php" line="74" assertions="1" time="0.183946"/>
    </testsuite>
    <testsuite name="RoleCall\Absences\Services\ReservedAbsenceOccurrencesTest" file="/home/ubuntu/subhub-api/tests/Absences/Services/ReservedAbsenceOccurrencesTest.php" tests="1" assertions="2" failures="0" errors="0" time="0.204719">
      <testcase name="testRelease" class="RoleCall\Absences\Services\ReservedAbsenceOccurrencesTest" file="/home/ubuntu/subhub-api/tests/Absences/Services/ReservedAbsenceOccurrencesTest.php" line="12" assertions="2" time="0.204719"/>
    </testsuite>
    <testsuite name="RoleCall\Absences\Services\SearchAbsenceOccurrencesTest" file="/home/ubuntu/subhub-api/tests/Absences/Services/SearchAbsenceOccurrencesTest.php" tests="11" assertions="28" failures="0" errors="0" time="4.592689">
      <testcase name="testSelectOccurrences" class="RoleCall\Absences\Services\SearchAbsenceOccurrencesTest" file="/home/ubuntu/subhub-api/tests/Absences/Services/SearchAbsenceOccurrencesTest.php" line="139" assertions="2" time="0.402390"/>
      <testcase name="testFilterByDates" class="RoleCall\Absences\Services\SearchAbsenceOccurrencesTest" file="/home/ubuntu/subhub-api/tests/Absences/Services/SearchAbsenceOccurrencesTest.php" line="147" assertions="5" time="0.414064"/>
      <testcase name="testFilterByAbsenceStatus" class="RoleCall\Absences\Services\SearchAbsenceOccurrencesTest" file="/home/ubuntu/subhub-api/tests/Absences/Services/SearchAbsenceOccurrencesTest.php" line="158" assertions="4" time="0.440028"/>
      <testcase name="testFilterByRegion" class="RoleCall\Absences\Services\SearchAbsenceOccurrencesTest" file="/home/ubuntu/subhub-api/tests/Absences/Services/SearchAbsenceOccurrencesTest.php" line="168" assertions="2" time="0.407610"/>
      <testcase name="testFilterByDistrict" class="RoleCall\Absences\Services\SearchAbsenceOccurrencesTest" file="/home/ubuntu/subhub-api/tests/Absences/Services/SearchAbsenceOccurrencesTest.php" line="176" assertions="2" time="0.423217"/>
      <testcase name="testFilterBySchool" class="RoleCall\Absences\Services\SearchAbsenceOccurrencesTest" file="/home/ubuntu/subhub-api/tests/Absences/Services/SearchAbsenceOccurrencesTest.php" line="184" assertions="2" time="0.409353"/>
      <testcase name="testFilterByPosition" class="RoleCall\Absences\Services\SearchAbsenceOccurrencesTest" file="/home/ubuntu/subhub-api/tests/Absences/Services/SearchAbsenceOccurrencesTest.php" line="192" assertions="2" time="0.410504"/>
      <testcase name="testFilterByEmployeeQuery" class="RoleCall\Absences\Services\SearchAbsenceOccurrencesTest" file="/home/ubuntu/subhub-api/tests/Absences/Services/SearchAbsenceOccurrencesTest.php" line="200" assertions="2" time="0.426459"/>
      <testcase name="testFilterBySubQuery" class="RoleCall\Absences\Services\SearchAbsenceOccurrencesTest" file="/home/ubuntu/subhub-api/tests/Absences/Services/SearchAbsenceOccurrencesTest.php" line="208" assertions="2" time="0.408322"/>
      <testcase name="testFilterByAbsenceType" class="RoleCall\Absences\Services\SearchAbsenceOccurrencesTest" file="/home/ubuntu/subhub-api/tests/Absences/Services/SearchAbsenceOccurrencesTest.php" line="216" assertions="3" time="0.415388"/>
      <testcase name="testBySubRequirements" class="RoleCall\Absences\Services\SearchAbsenceOccurrencesTest" file="/home/ubuntu/subhub-api/tests/Absences/Services/SearchAbsenceOccurrencesTest.php" line="228" assertions="2" time="0.435354"/>
    </testsuite>
    <testsuite name="RoleCall\Absences\Services\SearchAbsenceTest" file="/home/ubuntu/subhub-api/tests/Absences/Services/SearchAbsenceTest.php" tests="7" assertions="18" failures="0" errors="0" time="2.125306">
      <testcase name="testSelectAbsences" class="RoleCall\Absences\Services\SearchAbsenceTest" file="/home/ubuntu/subhub-api/tests/Absences/Services/SearchAbsenceTest.php" line="90" assertions="1" time="0.292806"/>
      <testcase name="testFilterByRegion" class="RoleCall\Absences\Services\SearchAbsenceTest" file="/home/ubuntu/subhub-api/tests/Absences/Services/SearchAbsenceTest.php" line="97" assertions="2" time="0.316410"/>
      <testcase name="testFilterByDistrict" class="RoleCall\Absences\Services\SearchAbsenceTest" file="/home/ubuntu/subhub-api/tests/Absences/Services/SearchAbsenceTest.php" line="105" assertions="2" time="0.298606"/>
      <testcase name="testFilterBySchool" class="RoleCall\Absences\Services\SearchAbsenceTest" file="/home/ubuntu/subhub-api/tests/Absences/Services/SearchAbsenceTest.php" line="113" assertions="2" time="0.295876"/>
      <testcase name="testFilterByDates" class="RoleCall\Absences\Services\SearchAbsenceTest" file="/home/ubuntu/subhub-api/tests/Absences/Services/SearchAbsenceTest.php" line="121" assertions="3" time="0.321929"/>
      <testcase name="testFilterByStatus" class="RoleCall\Absences\Services\SearchAbsenceTest" file="/home/ubuntu/subhub-api/tests/Absences/Services/SearchAbsenceTest.php" line="130" assertions="4" time="0.299352"/>
      <testcase name="testFilterByExcludeStatus" class="RoleCall\Absences\Services\SearchAbsenceTest" file="/home/ubuntu/subhub-api/tests/Absences/Services/SearchAbsenceTest.php" line="140" assertions="4" time="0.300327"/>
    </testsuite>
    <testsuite name="RoleCall\Absences\Services\SubAssignmentTest" file="/home/ubuntu/subhub-api/tests/Absences/Services/SubAssignmentTest.php" tests="9" assertions="18" failures="0" errors="0" time="2.237088">
      <testcase name="testSubCanBeAssigned" class="RoleCall\Absences\Services\SubAssignmentTest" file="/home/ubuntu/subhub-api/tests/Absences/Services/SubAssignmentTest.php" line="59" assertions="10" time="0.278083"/>
      <testcase name="testSubCannotBeAssignedToAJobThatDoesNotRequireSubs" class="RoleCall\Absences\Services\SubAssignmentTest" file="/home/ubuntu/subhub-api/tests/Absences/Services/SubAssignmentTest.php" line="87" assertions="2" time="0.196135"/>
      <testcase name="testSubCannotBeAssignedWhenTheyAreNotEligible" class="RoleCall\Absences\Services\SubAssignmentTest" file="/home/ubuntu/subhub-api/tests/Absences/Services/SubAssignmentTest.php" line="103" assertions="2" time="0.212315"/>
      <testcase name="testSubCannotBeAssignedToAFilledJob" class="RoleCall\Absences\Services\SubAssignmentTest" file="/home/ubuntu/subhub-api/tests/Absences/Services/SubAssignmentTest.php" line="119" assertions="2" time="0.221345"/>
      <testcase name="testSubReceivesADifferentEmailWhenTheyAreDirectAssigned" class="RoleCall\Absences\Services\SubAssignmentTest" file="/home/ubuntu/subhub-api/tests/Absences/Services/SubAssignmentTest.php" line="135" assertions="0" time="0.257984"/>
      <testcase name="testOccurrenceHasIgnoredMissingCredentialsSet" class="RoleCall\Absences\Services\SubAssignmentTest" file="/home/ubuntu/subhub-api/tests/Absences/Services/SubAssignmentTest.php" line="147" assertions="2" time="0.275126"/>
      <testcase name="testSubReceivesAMobileNotificationWhenTheyAreAssigned" class="RoleCall\Absences\Services\SubAssignmentTest" file="/home/ubuntu/subhub-api/tests/Absences/Services/SubAssignmentTest.php" line="165" assertions="0" time="0.258703"/>
      <testcase name="testSubReceivesAMobileNotificationWhenTheyAreDirectAssigned" class="RoleCall\Absences\Services\SubAssignmentTest" file="/home/ubuntu/subhub-api/tests/Absences/Services/SubAssignmentTest.php" line="177" assertions="0" time="0.259307"/>
      <testcase name="testSubDoesNotReceiveAMobileNotificationWhenTheyClaimAJOb" class="RoleCall\Absences\Services\SubAssignmentTest" file="/home/ubuntu/subhub-api/tests/Absences/Services/SubAssignmentTest.php" line="189" assertions="0" time="0.278090"/>
    </testsuite>
    <testsuite name="RoleCall\Absences\Services\SubDashboardCalendarTest" file="/home/ubuntu/subhub-api/tests/Absences/Services/SubDashboardCalendarTest.php" tests="1" assertions="1" failures="0" errors="0" time="0.223207">
      <testcase name="testCreate" class="RoleCall\Absences\Services\SubDashboardCalendarTest" file="/home/ubuntu/subhub-api/tests/Absences/Services/SubDashboardCalendarTest.php" line="12" assertions="1" time="0.223207"/>
    </testsuite>
    <testsuite name="RoleCall\Absences\Services\SubDashboardRecommendedJobsTest" file="/home/ubuntu/subhub-api/tests/Absences/Services/SubDashboardRecommendedJobsTest.php" tests="1" assertions="1" failures="0" errors="0" time="0.248280">
      <testcase name="testCreate" class="RoleCall\Absences\Services\SubDashboardRecommendedJobsTest" file="/home/ubuntu/subhub-api/tests/Absences/Services/SubDashboardRecommendedJobsTest.php" line="12" assertions="1" time="0.248280"/>
    </testsuite>
    <testsuite name="RoleCall\Absences\Services\SubUnassignmentTest" file="/home/ubuntu/subhub-api/tests/Absences/Services/SubUnassignmentTest.php" tests="7" assertions="27" failures="0" errors="0" time="1.568244">
      <testcase name="testUnassign" class="RoleCall\Absences\Services\SubUnassignmentTest" file="/home/ubuntu/subhub-api/tests/Absences/Services/SubUnassignmentTest.php" line="21" assertions="4" time="0.243245"/>
      <testcase name="testUnassignWithApprovedTimelog" class="RoleCall\Absences\Services\SubUnassignmentTest" file="/home/ubuntu/subhub-api/tests/Absences/Services/SubUnassignmentTest.php" line="66" assertions="5" time="0.206591"/>
      <testcase name="testUnassignVacancy" class="RoleCall\Absences\Services\SubUnassignmentTest" file="/home/ubuntu/subhub-api/tests/Absences/Services/SubUnassignmentTest.php" line="121" assertions="4" time="0.267959"/>
      <testcase name="testUnassignmentFailsWhenTryingToUnassignOccurrencesFromDifferentAbsences" class="RoleCall\Absences\Services\SubUnassignmentTest" file="/home/ubuntu/subhub-api/tests/Absences/Services/SubUnassignmentTest.php" line="168" assertions="2" time="0.232673"/>
      <testcase name="testUnassignmentFailsWhenMethodHasNotBeenSet" class="RoleCall\Absences\Services\SubUnassignmentTest" file="/home/ubuntu/subhub-api/tests/Absences/Services/SubUnassignmentTest.php" line="197" assertions="2" time="0.187069"/>
      <testcase name="testUnassignmentFailsWhenUnassignedByUserHasNotBeenSet" class="RoleCall\Absences\Services\SubUnassignmentTest" file="/home/ubuntu/subhub-api/tests/Absences/Services/SubUnassignmentTest.php" line="219" assertions="2" time="0.204695"/>
      <testcase name="testUnclaim" class="RoleCall\Absences\Services\SubUnassignmentTest" file="/home/ubuntu/subhub-api/tests/Absences/Services/SubUnassignmentTest.php" line="241" assertions="8" time="0.226012"/>
    </testsuite>
    <testsuite name="RoleCall\Absences\Services\UnassignAbsenceOccurrenceTest" file="/home/ubuntu/subhub-api/tests/Absences/Services/UnassignAbsenceOccurrenceTest.php" tests="4" assertions="37" failures="0" errors="0" time="0.904216">
      <testcase name="testUnassign" class="RoleCall\Absences\Services\UnassignAbsenceOccurrenceTest" file="/home/ubuntu/subhub-api/tests/Absences/Services/UnassignAbsenceOccurrenceTest.php" line="16" assertions="11" time="0.233211"/>
      <testcase name="testUnassignByUnclaim" class="RoleCall\Absences\Services\UnassignAbsenceOccurrenceTest" file="/home/ubuntu/subhub-api/tests/Absences/Services/UnassignAbsenceOccurrenceTest.php" line="56" assertions="12" time="0.214682"/>
[...]
      <testcase name="testCreateEmployee" class="RoleCall\Users\Services\CreateUserTest" file="/home/ubuntu/subhub-api/tests/Users/Services/CreateUserTest.php" line="130" assertions="17" time="0.306483"/>
      <testcase name="testCreateEmployeeInDifferentSchool" class="RoleCall\Users\Services\CreateUserTest" file="/home/ubuntu/subhub-api/tests/Users/Services/CreateUserTest.php" line="168" assertions="34" time="0.270311"/>
      <testcase name="testCreateSchoolAdmin" class="RoleCall\Users\Services\CreateUserTest" file="/home/ubuntu/subhub-api/tests/Users/Services/CreateUserTest.php" line="228" assertions="14" time="0.200204"/>
      <testcase name="testCreateDistrictAdmin" class="RoleCall\Users\Services\CreateUserTest" file="/home/ubuntu/subhub-api/tests/Users/Services/CreateUserTest.php" line="261" assertions="12" time="0.269497"/>
      <testcase name="testCreateRegionAdmin" class="RoleCall\Users\Services\CreateUserTest" file="/home/ubuntu/subhub-api/tests/Users/Services/CreateUserTest.php" line="290" assertions="12" time="0.192826"/>
      <testcase name="testCreateAgencyAdmin" class="RoleCall\Users\Services\CreateUserTest" file="/home/ubuntu/subhub-api/tests/Users/Services/CreateUserTest.php" line="319" assertions="12" time="0.192944"/>
      <testcase name="testCreateSuper" class="RoleCall\Users\Services\CreateUserTest" file="/home/ubuntu/subhub-api/tests/Users/Services/CreateUserTest.php" line="348" assertions="11" time="0.241367"/>
    </testsuite>
    <testsuite name="RoleCall\Users\Services\DeleteUserFaceTest" file="/home/ubuntu/subhub-api/tests/Users/Services/DeleteUserFaceTest.php" tests="2" assertions="11" failures="0" errors="0" time="0.428369">
      <testcase name="testDeleteUserFace" class="RoleCall\Users\Services\DeleteUserFaceTest" file="/home/ubuntu/subhub-api/tests/Users/Services/DeleteUserFaceTest.php" line="19" assertions="3" time="0.171951"/>
      <testcase name="testDeleteMultipleUserFaces" class="RoleCall\Users\Services\DeleteUserFaceTest" file="/home/ubuntu/subhub-api/tests/Users/Services/DeleteUserFaceTest.php" line="42" assertions="8" time="0.256418"/>
    </testsuite>
    <testsuite name="RoleCall\Users\Services\DeleteUserTest" file="/home/ubuntu/subhub-api/tests/Users/Services/DeleteUserTest.php" tests="1" assertions="1" failures="0" errors="0" time="0.244948">
      <testcase name="testDelete" class="RoleCall\Users\Services\DeleteUserTest" file="/home/ubuntu/subhub-api/tests/Users/Services/DeleteUserTest.php" line="13" assertions="1" time="0.244948"/>
    </testsuite>
    <testsuite name="RoleCall\Users\Services\RecordUserFacialLoginAttemptTest" file="/home/ubuntu/subhub-api/tests/Users/Services/RecordUserFacialLoginAttemptTest.php" tests="1" assertions="6" failures="0" errors="0" time="0.164778">
      <testcase name="testRecordUserFacialLoginAttempt" class="RoleCall\Users\Services\RecordUserFacialLoginAttemptTest" file="/home/ubuntu/subhub-api/tests/Users/Services/RecordUserFacialLoginAttemptTest.php" line="19" assertions="6" time="0.164778"/>
    </testsuite>
    <testsuite name="RoleCall\Users\Services\SearchEmployeesTest" file="/home/ubuntu/subhub-api/tests/Users/Services/SearchEmployeesTest.php" tests="8" assertions="87" failures="0" errors="0" time="3.101430">
      <testcase name="testSearch" class="RoleCall\Users\Services\SearchEmployeesTest" file="/home/ubuntu/subhub-api/tests/Users/Services/SearchEmployeesTest.php" line="16" assertions="10" time="0.405869"/>
      <testcase name="testSearchNoDistrictId" class="RoleCall\Users\Services\SearchEmployeesTest" file="/home/ubuntu/subhub-api/tests/Users/Services/SearchEmployeesTest.php" line="62" assertions="10" time="0.328874"/>
      <testcase name="testSearchNoSchoolIdEither" class="RoleCall\Users\Services\SearchEmployeesTest" file="/home/ubuntu/subhub-api/tests/Users/Services/SearchEmployeesTest.php" line="108" assertions="10" time="0.407386"/>
      <testcase name="testSearchNotEvenAPositionId" class="RoleCall\Users\Services\SearchEmployeesTest" file="/home/ubuntu/subhub-api/tests/Users/Services/SearchEmployeesTest.php" line="154" assertions="10" time="0.321967"/>
      <testcase name="testSearchNoQuery" class="RoleCall\Users\Services\SearchEmployeesTest" file="/home/ubuntu/subhub-api/tests/Users/Services/SearchEmployeesTest.php" line="200" assertions="10" time="0.321698"/>
      <testcase name="testSearchExcludeExpiredRoles" class="RoleCall\Users\Services\SearchEmployeesTest" file="/home/ubuntu/subhub-api/tests/Users/Services/SearchEmployeesTest.php" line="246" assertions="17" time="0.561416"/>
      <testcase name="testSearchOnlyActive" class="RoleCall\Users\Services\SearchEmployeesTest" file="/home/ubuntu/subhub-api/tests/Users/Services/SearchEmployeesTest.php" line="318" assertions="10" time="0.339265"/>
      <testcase name="testSearchIncludeInactive" class="RoleCall\Users\Services\SearchEmployeesTest" file="/home/ubuntu/subhub-api/tests/Users/Services/SearchEmployeesTest.php" line="376" assertions="10" time="0.414955"/>
    </testsuite>
    <testsuite name="RoleCall\Users\Services\UpdateEmployeeTest" file="/home/ubuntu/subhub-api/tests/Users/Services/UpdateEmployeeTest.php" tests="3" assertions="45" failures="0" errors="0" time="0.684413">
      <testcase name="testUpdateAsSuper" class="RoleCall\Users\Services\UpdateEmployeeTest" file="/home/ubuntu/subhub-api/tests/Users/Services/UpdateEmployeeTest.php" line="13" assertions="15" time="0.195771"/>
      <testcase name="testUpdateAsDistrictAdmin" class="RoleCall\Users\Services\UpdateEmployeeTest" file="/home/ubuntu/subhub-api/tests/Users/Services/UpdateEmployeeTest.php" line="59" assertions="15" time="0.203064"/>
      <testcase name="testUpdatePayrollOnNonTimeTrackingEmployee" class="RoleCall\Users\Services\UpdateEmployeeTest" file="/home/ubuntu/subhub-api/tests/Users/Services/UpdateEmployeeTest.php" line="105" assertions="15" time="0.285578"/>
    </testsuite>
    <testsuite name="RoleCall\Users\Services\UpdateSubTest" file="/home/ubuntu/subhub-api/tests/Users/Services/UpdateSubTest.php" tests="4" assertions="46" failures="0" errors="0" time="1.052512">
      <testcase name="testUpdat" class="RoleCall\Users\Services\UpdateSubTest" file="/home/ubuntu/subhub-api/tests/Users/Services/UpdateSubTest.php" line="15" assertions="8" time="0.192055"/>
      <testcase name="testUpdateAsSuper" class="RoleCall\Users\Services\UpdateSubTest" file="/home/ubuntu/subhub-api/tests/Users/Services/UpdateSubTest.php" line="49" assertions="16" time="0.276593"/>
      <testcase name="testUpdateAsDistrictAdmin" class="RoleCall\Users\Services\UpdateSubTest" file="/home/ubuntu/subhub-api/tests/Users/Services/UpdateSubTest.php" line="97" assertions="16" time="0.206988"/>
      <testcase name="testUpdateAndUnassign" class="RoleCall\Users\Services\UpdateSubTest" file="/home/ubuntu/subhub-api/tests/Users/Services/UpdateSubTest.php" line="145" assertions="6" time="0.376876"/>
    </testsuite>
    <testsuite name="RoleCall\Users\Services\UpdateUserFormFieldValueTest" file="/home/ubuntu/subhub-api/tests/Users/Services/UpdateUserFormFieldValueTest.php" tests="3" assertions="4" failures="0" errors="0" time="0.511523">
      <testcase name="testUpdate" class="RoleCall\Users\Services\UpdateUserFormFieldValueTest" file="/home/ubuntu/subhub-api/tests/Users/Services/UpdateUserFormFieldValueTest.php" line="13" assertions="1" time="0.224210"/>
      <testcase name="testUpdateProfileField" class="RoleCall\Users\Services\UpdateUserFormFieldValueTest" file="/home/ubuntu/subhub-api/tests/Users/Services/UpdateUserFormFieldValueTest.php" line="36" assertions="2" time="0.141519"/>
      <testcase name="testUpdateBoolean" class="RoleCall\Users\Services\UpdateUserFormFieldValueTest" file="/home/ubuntu/subhub-api/tests/Users/Services/UpdateUserFormFieldValueTest.php" line="66" assertions="1" time="0.145794"/>
    </testsuite>
    <testsuite name="RoleCall\Users\Services\UpdateUserTest" file="/home/ubuntu/subhub-api/tests/Users/Services/UpdateUserTest.php" tests="5" assertions="33" failures="0" errors="0" time="1.107004">
      <testcase name="testUpdatePassword" class="RoleCall\Users\Services\UpdateUserTest" file="/home/ubuntu/subhub-api/tests/Users/Services/UpdateUserTest.php" line="16" assertions="1" time="0.358575"/>
      <testcase name="testUpdateSsn" class="RoleCall\Users\Services\UpdateUserTest" file="/home/ubuntu/subhub-api/tests/Users/Services/UpdateUserTest.php" line="36" assertions="1" time="0.136285"/>
      <testcase name="testUpdateFillables" class="RoleCall\Users\Services\UpdateUserTest" file="/home/ubuntu/subhub-api/tests/Users/Services/UpdateUserTest.php" line="55" assertions="27" time="0.214078"/>
      <testcase name="testUpdateGrades" class="RoleCall\Users\Services\UpdateUserTest" file="/home/ubuntu/subhub-api/tests/Users/Services/UpdateUserTest.php" line="126" assertions="2" time="0.238456"/>
      <testcase name="testUpdateSubjects" class="RoleCall\Users\Services\UpdateUserTest" file="/home/ubuntu/subhub-api/tests/Users/Services/UpdateUserTest.php" line="162" assertions="2" time="0.159610"/>
    </testsuite>
    <testsuite name="RoleCall\Users\SubTest" file="/home/ubuntu/subhub-api/tests/Users/SubTest.php" tests="2" assertions="4" failures="0" errors="0" time="0.526820">
      <testcase name="testScopeAllowDirectAssign" class="RoleCall\Users\SubTest" file="/home/ubuntu/subhub-api/tests/Users/SubTest.php" line="12" assertions="2" time="0.223033"/>
      <testcase name="testScopeNotAllowDirectAssign" class="RoleCall\Users\SubTest" file="/home/ubuntu/subhub-api/tests/Users/SubTest.php" line="32" assertions="2" time="0.303787"/>
    </testsuite>
    <testsuite name="RoleCall\Users\Traits\RoleOrderTraitTest" file="/home/ubuntu/subhub-api/tests/Users/Traits/RoleOrderTraitTest.php" tests="3" assertions="9" failures="0" errors="0" time="0.650926">
      <testcase name="testOrderingSubs" class="RoleCall\Users\Traits\RoleOrderTraitTest" file="/home/ubuntu/subhub-api/tests/Users/Traits/RoleOrderTraitTest.php" line="15" assertions="3" time="0.192247"/>
      <testcase name="testOrderingEmployees" class="RoleCall\Users\Traits\RoleOrderTraitTest" file="/home/ubuntu/subhub-api/tests/Users/Traits/RoleOrderTraitTest.php" line="43" assertions="3" time="0.273764"/>
      <testcase name="testOrderingSchoolAdmins" class="RoleCall\Users\Traits\RoleOrderTraitTest" file="/home/ubuntu/subhub-api/tests/Users/Traits/RoleOrderTraitTest.php" line="72" assertions="3" time="0.184915"/>
    </testsuite>
    <testsuite name="RoleCall\Users\Transformers\CallTimesTransformerTest" file="/home/ubuntu/subhub-api/tests/Users/Transformers/CallTimesTransformerTest.php" tests="1" assertions="11" failures="0" errors="0" time="0.163151">
      <testcase name="testTransform" class="RoleCall\Users\Transformers\CallTimesTransformerTest" file="/home/ubuntu/subhub-api/tests/Users/Transformers/CallTimesTransformerTest.php" line="12" assertions="11" time="0.163151"/>
    </testsuite>
    <testsuite name="RoleCall\Users\Transformers\CustomValuesJsonTransformerTest" file="/home/ubuntu/subhub-api/tests/Users/Transformers/CustomValuesJsonTransformerTest.php" tests="3" assertions="3" failures="0" errors="0" time="0.576354">
      <testcase name="testTransformCustomValueModel" class="RoleCall\Users\Transformers\CustomValuesJsonTransformerTest" file="/home/ubuntu/subhub-api/tests/Users/Transformers/CustomValuesJsonTransformerTest.php" line="12" assertions="1" time="0.246469"/>
      <testcase name="testTransformCustomValueArray" class="RoleCall\Users\Transformers\CustomValuesJsonTransformerTest" file="/home/ubuntu/subhub-api/tests/Users/Transformers/CustomValuesJsonTransformerTest.php" line="24" assertions="1" time="0.164600"/>
      <testcase name="testTransformCustomValueCollection" class="RoleCall\Users\Transformers\CustomValuesJsonTransformerTest" file="/home/ubuntu/subhub-api/tests/Users/Transformers/CustomValuesJsonTransformerTest.php" line="36" assertions="1" time="0.165285"/>
    </testsuite>
    <testsuite name="RoleCall\Users\Transformers\EmployeesJsonTransformerTest" file="/home/ubuntu/subhub-api/tests/Users/Transformers/EmployeesJsonTransformerTest.php" tests="6" assertions="17" failures="0" errors="0" time="1.259720">
      <testcase name="testTransformEmployeeModel" class="RoleCall\Users\Transformers\EmployeesJsonTransformerTest" file="/home/ubuntu/subhub-api/tests/Users/Transformers/EmployeesJsonTransformerTest.php" line="13" assertions="2" time="0.257087"/>
      <testcase name="testTransformEmployeeArray" class="RoleCall\Users\Transformers\EmployeesJsonTransformerTest" file="/home/ubuntu/subhub-api/tests/Users/Transformers/EmployeesJsonTransformerTest.php" line="28" assertions="2" time="0.176126"/>
      <testcase name="testTransformEmployeeCollection" class="RoleCall\Users\Transformers\EmployeesJsonTransformerTest" file="/home/ubuntu/subhub-api/tests/Users/Transformers/EmployeesJsonTransformerTest.php" line="43" assertions="2" time="0.177174"/>
      <testcase name="testTransformEmployeeArrayTwoEmployees" class="RoleCall\Users\Transformers\EmployeesJsonTransformerTest" file="/home/ubuntu/subhub-api/tests/Users/Transformers/EmployeesJsonTransformerTest.php" line="58" assertions="3" time="0.272550"/>
      <testcase name="testTransformEmployeeModelWithTimelog" class="RoleCall\Users\Transformers\EmployeesJsonTransformerTest" file="/home/ubuntu/subhub-api/tests/Users/Transformers/EmployeesJsonTransformerTest.php" line="78" assertions="4" time="0.188979"/>
      <testcase name="testTransformEmployeeModelWithTimelogWithNullEndDate" class="RoleCall\Users\Transformers\EmployeesJsonTransformerTest" file="/home/ubuntu/subhub-api/tests/Users/Transformers/EmployeesJsonTransformerTest.php" line="140" assertions="4" time="0.187804"/>
    </testsuite>
    <testsuite name="RoleCall\Users\Transformers\UserFormFieldValuesJsonTransformerTest" file="/home/ubuntu/subhub-api/tests/Users/Transformers/UserFormFieldValuesJsonTransformerTest.php" tests="3" assertions="6" failures="0" errors="0" time="0.578923">
      <testcase name="testTransformUserFormFieldValueModel" class="RoleCall\Users\Transformers\UserFormFieldValuesJsonTransformerTest" file="/home/ubuntu/subhub-api/tests/Users/Transformers/UserFormFieldValuesJsonTransformerTest.php" line="14" assertions="2" time="0.243761"/>
      <testcase name="testTransformUserFormFieldValueArray" class="RoleCall\Users\Transformers\UserFormFieldValuesJsonTransformerTest" file="/home/ubuntu/subhub-api/tests/Users/Transformers/UserFormFieldValuesJsonTransformerTest.php" line="32" assertions="2" time="0.170736"/>
      <testcase name="testTransformUserFormFieldValueCollection" class="RoleCall\Users\Transformers\UserFormFieldValuesJsonTransformerTest" file="/home/ubuntu/subhub-api/tests/Users/Transformers/UserFormFieldValuesJsonTransformerTest.php" line="62" assertions="2" time="0.164426"/>
    </testsuite>
    <testsuite name="RoleCall\Users\Transformers\UserJsonTransformerTest" file="/home/ubuntu/subhub-api/tests/Users/Transformers/UserJsonTransformerTest.php" tests="1" assertions="1" failures="0" errors="0" time="0.211182">
      <testcase name="testTransformUserModel" class="RoleCall\Users\Transformers\UserJsonTransformerTest" file="/home/ubuntu/subhub-api/tests/Users/Transformers/UserJsonTransformerTest.php" line="12" assertions="1" time="0.211182"/>
    </testsuite>
    <testsuite name="RoleCall\Users\UserDescriptionTest" file="/home/ubuntu/subhub-api/tests/Users/UserDescriptionTest.php" tests="3" assertions="3" failures="0" errors="0" time="0.592227">
      <testcase name="testNoRolesAtAll" class="RoleCall\Users\UserDescriptionTest" file="/home/ubuntu/subhub-api/tests/Users/UserDescriptionTest.php" line="12" assertions="1" time="0.150413"/>
      <testcase name="testOnlyFutureRoles" class="RoleCall\Users\UserDescriptionTest" file="/home/ubuntu/subhub-api/tests/Users/UserDescriptionTest.php" line="18" assertions="1" time="0.258816"/>
      <testcase name="testOnlyPastRoles" class="RoleCall\Users\UserDescriptionTest" file="/home/ubuntu/subhub-api/tests/Users/UserDescriptionTest.php" line="27" assertions="1" time="0.182998"/>
    </testsuite>
    <testsuite name="RoleCall\Users\UserTest" file="/home/ubuntu/subhub-api/tests/Users/UserTest.php" tests="20" assertions="63" failures="0" errors="0" time="3.896658">
      <testcase name="testGetDistricts" class="RoleCall\Users\UserTest" file="/home/ubuntu/subhub-api/tests/Users/UserTest.php" line="17" assertions="2" time="0.183098"/>
      <testcase name="testGetSchools" class="RoleCall\Users\UserTest" file="/home/ubuntu/subhub-api/tests/Users/UserTest.php" line="27" assertions="2" time="0.283842"/>
      <testcase name="testGetAbsences" class="RoleCall\Users\UserTest" file="/home/ubuntu/subhub-api/tests/Users/UserTest.php" line="38" assertions="3" time="0.148286"/>
      <testcase name="testGetAbsenceOccurrences" class="RoleCall\Users\UserTest" file="/home/ubuntu/subhub-api/tests/Users/UserTest.php" line="50" assertions="3" time="0.149002"/>
      <testcase name="testGetFilledAbsenceOccurrences" class="RoleCall\Users\UserTest" file="/home/ubuntu/subhub-api/tests/Users/UserTest.php" line="63" assertions="3" time="0.230574"/>
      <testcase name="testGetCallTimePreference" class="RoleCall\Users\UserTest" file="/home/ubuntu/subhub-api/tests/Users/UserTest.php" line="76" assertions="2" time="0.143247"/>
      <testcase name="testGetCallTimePreferenceWeekend" class="RoleCall\Users\UserTest" file="/home/ubuntu/subhub-api/tests/Users/UserTest.php" line="96" assertions="3" time="0.142346"/>
      <testcase name="testHasPasswordAttribute" class="RoleCall\Users\UserTest" file="/home/ubuntu/subhub-api/tests/Users/UserTest.php" line="120" assertions="2" time="0.287380"/>
      <testcase name="testIsCurrentlyOnACall" class="RoleCall\Users\UserTest" file="/home/ubuntu/subhub-api/tests/Users/UserTest.php" line="131" assertions="2" time="0.143423"/>
      <testcase name="testScopeHasLoggedIn" class="RoleCall\Users\UserTest" file="/home/ubuntu/subhub-api/tests/Users/UserTest.php" line="144" assertions="1" time="0.143339"/>
      <testcase name="testScopeHasNotLoggedIn" class="RoleCall\Users\UserTest" file="/home/ubuntu/subhub-api/tests/Users/UserTest.php" line="158" assertions="1" time="0.225432"/>
      <testcase name="testScopeIsAppletonEmployee" class="RoleCall\Users\UserTest" file="/home/ubuntu/subhub-api/tests/Users/UserTest.php" line="172" assertions="1" time="0.144440"/>
      <testcase name="testNotScope" class="RoleCall\Users\UserTest" file="/home/ubuntu/subhub-api/tests/Users/UserTest.php" line="186" assertions="1" time="0.140221"/>
      <testcase name="testSearchScope" class="RoleCall\Users\UserTest" file="/home/ubuntu/subhub-api/tests/Users/UserTest.php" line="199" assertions="4" time="0.223836"/>
      <testcase name="testVisibleToScope" class="RoleCall\Users\UserTest" file="/home/ubuntu/subhub-api/tests/Users/UserTest.php" line="221" assertions="1" time="0.273303"/>
      <testcase name="testAccessors" class="RoleCall\Users\UserTest" file="/home/ubuntu/subhub-api/tests/Users/UserTest.php" line="235" assertions="3" time="0.224817"/>
      <testcase name="testDistrictProfileRelation" class="RoleCall\Users\UserTest" file="/home/ubuntu/subhub-api/tests/Users/UserTest.php" line="267" assertions="1" time="0.167470"/>
      <testcase name="testHasDistrictUnclaimViolation" class="RoleCall\Users\UserTest" file="/home/ubuntu/subhub-api/tests/Users/UserTest.php" line="279" assertions="3" time="0.287930"/>
      <testcase name="testUserFactory" class="RoleCall\Users\UserTest" file="/home/ubuntu/subhub-api/tests/Users/UserTest.php" line="306" assertions="23" time="0.214004"/>
      <testcase name="testPreviousUrl" class="RoleCall\Users\UserTest" file="/home/ubuntu/subhub-api/tests/Users/UserTest.php" line="338" assertions="2" time="0.140668"/>
    </testsuite>
  </testsuite>
</testsuites>
